# JRE version: OpenJDK Runtime Environment (8.0_242-b01) (build 1.8.0_242-release-1644-b01)
# Java VM: OpenJDK 64-Bit Server VM (25.242-b01 mixed mode windows-amd64 compressed oops)
Heap:
 PSYoungGen      total 361472K, used 118417K [0x00000000d5580000, 0x00000000f2580000, 0x0000000100000000)
  eden space 297472K, 18% used [0x00000000d5580000,0x00000000d8aa5e08,0x00000000e7800000)
  from space 64000K, 99% used [0x00000000ec500000,0x00000000f037e7d8,0x00000000f0380000)
  to   space 78848K, 0% used [0x00000000e7800000,0x00000000e7800000,0x00000000ec500000)
 ParOldGen       total 278528K, used 149739K [0x0000000080000000, 0x0000000091000000, 0x00000000d5580000)
  object space 278528K, 53% used [0x0000000080000000,0x000000008923ae28,0x0000000091000000)
 Metaspace       used 88664K, capacity 93214K, committed 93400K, reserved 1130496K
  class space    used 11943K, capacity 12796K, committed 12800K, reserved 1048576K
GC Heap History (10 events):
Event: 20.195 GC heap before
{Heap before GC invocations=18 (full 3):
 PSYoungGen      total 267776K, used 267764K [0x00000000d5580000, 0x00000000e9400000, 0x0000000100000000)
  eden space 246272K, 100% used [0x00000000d5580000,0x00000000e4600000,0x00000000e4600000)
  from space 21504K, 99% used [0x00000000e6680000,0x00000000e7b7d1d0,0x00000000e7b80000)
  to   space 33280K, 0% used [0x00000000e4600000,0x00000000e4600000,0x00000000e6680000)
 ParOldGen       total 121344K, used 57294K [0x0000000080000000, 0x0000000087680000, 0x00000000d5580000)
  object space 121344K, 47% used [0x0000000080000000,0x00000000837f3a20,0x0000000087680000)
 Metaspace       used 71871K, capacity 76120K, committed 76376K, reserved 1114112K
  class space    used 10046K, capacity 10800K, committed 10880K, reserved 1048576K
Event: 20.298 GC heap after
Heap after GC invocations=18 (full 3):
 PSYoungGen      total 279552K, used 33274K [0x00000000d5580000, 0x00000000efc00000, 0x0000000100000000)
  eden space 246272K, 0% used [0x00000000d5580000,0x00000000d5580000,0x00000000e4600000)
  from space 33280K, 99% used [0x00000000e4600000,0x00000000e667ea30,0x00000000e6680000)
  to   space 65536K, 0% used [0x00000000ebc00000,0x00000000ebc00000,0x00000000efc00000)
 ParOldGen       total 129536K, used 129384K [0x0000000080000000, 0x0000000087e80000, 0x00000000d5580000)
  object space 129536K, 99% used [0x0000000080000000,0x0000000087e5a1e0,0x0000000087e80000)
 Metaspace       used 71871K, capacity 76120K, committed 76376K, reserved 1114112K
  class space    used 10046K, capacity 10800K, committed 10880K, reserved 1048576K
}
Event: 20.298 GC heap before
{Heap before GC invocations=19 (full 4):
 PSYoungGen      total 279552K, used 33274K [0x00000000d5580000, 0x00000000efc00000, 0x0000000100000000)
  eden space 246272K, 0% used [0x00000000d5580000,0x00000000d5580000,0x00000000e4600000)
  from space 33280K, 99% used [0x00000000e4600000,0x00000000e667ea30,0x00000000e6680000)
  to   space 65536K, 0% used [0x00000000ebc00000,0x00000000ebc00000,0x00000000efc00000)
 ParOldGen       total 129536K, used 129384K [0x0000000080000000, 0x0000000087e80000, 0x00000000d5580000)
  object space 129536K, 99% used [0x0000000080000000,0x0000000087e5a1e0,0x0000000087e80000)
 Metaspace       used 71871K, capacity 76120K, committed 76376K, reserved 1114112K
  class space    used 10046K, capacity 10800K, committed 10880K, reserved 1048576K
Event: 21.219 GC heap after
Heap after GC invocations=19 (full 4):
 PSYoungGen      total 279552K, used 9587K [0x00000000d5580000, 0x00000000efc00000, 0x0000000100000000)
  eden space 246272K, 0% used [0x00000000d5580000,0x00000000d5580000,0x00000000e4600000)
  from space 33280K, 28% used [0x00000000e4600000,0x00000000e4f5cd80,0x00000000e6680000)
  to   space 65536K, 0% used [0x00000000ebc00000,0x00000000ebc00000,0x00000000efc00000)
 ParOldGen       total 278528K, used 129283K [0x0000000080000000, 0x0000000091000000, 0x00000000d5580000)
  object space 278528K, 46% used [0x0000000080000000,0x0000000087e40c50,0x0000000091000000)
 Metaspace       used 71548K, capacity 75190K, committed 76376K, reserved 1114112K
  class space    used 9941K, capacity 10615K, committed 10880K, reserved 1048576K
}
Event: 83.355 GC heap before
{Heap before GC invocations=20 (full 4):
 PSYoungGen      total 279552K, used 255859K [0x00000000d5580000, 0x00000000efc00000, 0x0000000100000000)
  eden space 246272K, 100% used [0x00000000d5580000,0x00000000e4600000,0x00000000e4600000)
  from space 33280K, 28% used [0x00000000e4600000,0x00000000e4f5cd80,0x00000000e6680000)
  to   space 65536K, 0% used [0x00000000ebc00000,0x00000000ebc00000,0x00000000efc00000)
 ParOldGen       total 278528K, used 129283K [0x0000000080000000, 0x0000000091000000, 0x00000000d5580000)
  object space 278528K, 46% used [0x0000000080000000,0x0000000087e40c50,0x0000000091000000)
 Metaspace       used 79233K, capacity 83132K, committed 83544K, reserved 1122304K
  class space    used 10757K, capacity 11498K, committed 11648K, reserved 1048576K
Event: 83.416 GC heap after
Heap after GC invocations=20 (full 4):
 PSYoungGen      total 327168K, used 26962K [0x00000000d5580000, 0x00000000ee600000, 0x0000000100000000)
  eden space 284160K, 0% used [0x00000000d5580000,0x00000000d5580000,0x00000000e6b00000)
  from space 43008K, 62% used [0x00000000ebc00000,0x00000000ed654910,0x00000000ee600000)
  to   space 62976K, 0% used [0x00000000e6b00000,0x00000000e6b00000,0x00000000ea880000)
 ParOldGen       total 278528K, used 138939K [0x0000000080000000, 0x0000000091000000, 0x00000000d5580000)
  object space 278528K, 49% used [0x0000000080000000,0x00000000887aef30,0x0000000091000000)
 Metaspace       used 79233K, capacity 83132K, committed 83544K, reserved 1122304K
  class space    used 10757K, capacity 11498K, committed 11648K, reserved 1048576K
}
Event: 86.053 GC heap before
{Heap before GC invocations=21 (full 4):
 PSYoungGen      total 327168K, used 311122K [0x00000000d5580000, 0x00000000ee600000, 0x0000000100000000)
  eden space 284160K, 100% used [0x00000000d5580000,0x00000000e6b00000,0x00000000e6b00000)
  from space 43008K, 62% used [0x00000000ebc00000,0x00000000ed654910,0x00000000ee600000)
  to   space 62976K, 0% used [0x00000000e6b00000,0x00000000e6b00000,0x00000000ea880000)
 ParOldGen       total 278528K, used 138939K [0x0000000080000000, 0x0000000091000000, 0x00000000d5580000)
  object space 278528K, 49% used [0x0000000080000000,0x00000000887aef30,0x0000000091000000)
 Metaspace       used 85716K, capacity 89828K, committed 89944K, reserved 1126400K
  class space    used 11526K, capacity 12337K, committed 12416K, reserved 1048576K
Event: 86.096 GC heap after
Heap after GC invocations=21 (full 4):
 PSYoungGen      total 347136K, used 36830K [0x00000000d5580000, 0x00000000f0380000, 0x0000000100000000)
  eden space 284160K, 0% used [0x00000000d5580000,0x00000000d5580000,0x00000000e6b00000)
  from space 62976K, 58% used [0x00000000e6b00000,0x00000000e8ef7870,0x00000000ea880000)
  to   space 64000K, 0% used [0x00000000ec500000,0x00000000ec500000,0x00000000f0380000)
 ParOldGen       total 278528K, used 138947K [0x0000000080000000, 0x0000000091000000, 0x00000000d5580000)
  object space 278528K, 49% used [0x0000000080000000,0x00000000887b0f30,0x0000000091000000)
 Metaspace       used 85716K, capacity 89828K, committed 89944K, reserved 1126400K
  class space    used 11526K, capacity 12337K, committed 12416K, reserved 1048576K
}
Event: 87.271 GC heap before
{Heap before GC invocations=22 (full 4):
 PSYoungGen      total 347136K, used 320990K [0x00000000d5580000, 0x00000000f0380000, 0x0000000100000000)
  eden space 284160K, 100% used [0x00000000d5580000,0x00000000e6b00000,0x00000000e6b00000)
  from space 62976K, 58% used [0x00000000e6b00000,0x00000000e8ef7870,0x00000000ea880000)
  to   space 64000K, 0% used [0x00000000ec500000,0x00000000ec500000,0x00000000f0380000)
 ParOldGen       total 278528K, used 138947K [0x0000000080000000, 0x0000000091000000, 0x00000000d5580000)
  object space 278528K, 49% used [0x0000000080000000,0x00000000887b0f30,0x0000000091000000)
 Metaspace       used 88660K, capacity 93210K, committed 93400K, reserved 1130496K
  class space    used 11942K, capacity 12796K, committed 12800K, reserved 1048576K
Event: 87.315 GC heap after
Heap after GC invocations=22 (full 4):
 PSYoungGen      total 361472K, used 63993K [0x00000000d5580000, 0x00000000f2580000, 0x0000000100000000)
  eden space 297472K, 0% used [0x00000000d5580000,0x00000000d5580000,0x00000000e7800000)
  from space 64000K, 99% used [0x00000000ec500000,0x00000000f037e7d8,0x00000000f0380000)
  to   space 78848K, 0% used [0x00000000e7800000,0x00000000e7800000,0x00000000ec500000)
 ParOldGen       total 278528K, used 149739K [0x0000000080000000, 0x0000000091000000, 0x00000000d5580000)
  object space 278528K, 53% used [0x0000000080000000,0x000000008923ae28,0x0000000091000000)
 Metaspace       used 88660K, capacity 93210K, committed 93400K, reserved 1130496K
  class space    used 11942K, capacity 12796K, committed 12800K, reserved 1048576K
}

