# JRE version: OpenJDK Runtime Environment (8.0_242-b01) (build 1.8.0_242-release-1644-b01)
# Java VM: OpenJDK 64-Bit Server VM (25.242-b01 mixed mode windows-amd64 compressed oops)
Heap:
 PSYoungGen      total 241152K, used 153589K [0x00000000d5580000, 0x00000000e9500000, 0x0000000100000000)
  eden space 221696K, 60% used [0x00000000d5580000,0x00000000dd881e78,0x00000000e2e00000)
  from space 19456K, 99% used [0x00000000e2e00000,0x00000000e40fb628,0x00000000e4100000)
  to   space 26624K, 0% used [0x00000000e7b00000,0x00000000e7b00000,0x00000000e9500000)
 ParOldGen       total 113664K, used 45251K [0x0000000080000000, 0x0000000086f00000, 0x00000000d5580000)
  object space 113664K, 39% used [0x0000000080000000,0x0000000082c30ec8,0x0000000086f00000)
 Metaspace       used 66322K, capacity 69632K, committed 69976K, reserved 1112064K
  class space    used 9134K, capacity 9766K, committed 9856K, reserved 1048576K
GC Heap History (10 events):
Event: 8.404 GC heap before
{Heap before GC invocations=12 (full 2):
 PSYoungGen      total 137216K, used 125952K [0x00000000d5580000, 0x00000000e1b80000, 0x0000000100000000)
  eden space 125952K, 100% used [0x00000000d5580000,0x00000000dd080000,0x00000000dd080000)
  from space 11264K, 0% used [0x00000000dd080000,0x00000000dd080000,0x00000000ddb80000)
  to   space 12800K, 0% used [0x00000000e0f00000,0x00000000e0f00000,0x00000000e1b80000)
 ParOldGen       total 73216K, used 17361K [0x0000000080000000, 0x0000000084780000, 0x00000000d5580000)
  object space 73216K, 23% used [0x0000000080000000,0x00000000810f4580,0x0000000084780000)
 Metaspace       used 38965K, capacity 40710K, committed 40792K, reserved 1085440K
  class space    used 5381K, capacity 5719K, committed 5760K, reserved 1048576K
Event: 8.415 GC heap after
Heap after GC invocations=12 (full 2):
 PSYoungGen      total 179200K, used 9904K [0x00000000d5580000, 0x00000000e1900000, 0x0000000100000000)
  eden space 168960K, 0% used [0x00000000d5580000,0x00000000d5580000,0x00000000dfa80000)
  from space 10240K, 96% used [0x00000000e0f00000,0x00000000e18ac3a8,0x00000000e1900000)
  to   space 13312K, 0% used [0x00000000dff00000,0x00000000dff00000,0x00000000e0c00000)
 ParOldGen       total 73216K, used 17369K [0x0000000080000000, 0x0000000084780000, 0x00000000d5580000)
  object space 73216K, 23% used [0x0000000080000000,0x00000000810f6580,0x0000000084780000)
 Metaspace       used 38965K, capacity 40710K, committed 40792K, reserved 1085440K
  class space    used 5381K, capacity 5719K, committed 5760K, reserved 1048576K
}
Event: 11.929 GC heap before
{Heap before GC invocations=13 (full 2):
 PSYoungGen      total 179200K, used 178864K [0x00000000d5580000, 0x00000000e1900000, 0x0000000100000000)
  eden space 168960K, 100% used [0x00000000d5580000,0x00000000dfa80000,0x00000000dfa80000)
  from space 10240K, 96% used [0x00000000e0f00000,0x00000000e18ac3a8,0x00000000e1900000)
  to   space 13312K, 0% used [0x00000000dff00000,0x00000000dff00000,0x00000000e0c00000)
 ParOldGen       total 73216K, used 17369K [0x0000000080000000, 0x0000000084780000, 0x00000000d5580000)
  object space 73216K, 23% used [0x0000000080000000,0x00000000810f6580,0x0000000084780000)
 Metaspace       used 54534K, capacity 56864K, committed 57048K, reserved 1097728K
  class space    used 7423K, capacity 7881K, committed 7936K, reserved 1048576K
Event: 11.961 GC heap after
Heap after GC invocations=13 (full 2):
 PSYoungGen      total 186880K, used 13288K [0x00000000d5580000, 0x00000000e5480000, 0x0000000100000000)
  eden space 173568K, 0% used [0x00000000d5580000,0x00000000d5580000,0x00000000dff00000)
  from space 13312K, 99% used [0x00000000dff00000,0x00000000e0bfa170,0x00000000e0c00000)
  to   space 19968K, 0% used [0x00000000e4100000,0x00000000e4100000,0x00000000e5480000)
 ParOldGen       total 73216K, used 30795K [0x0000000080000000, 0x0000000084780000, 0x00000000d5580000)
  object space 73216K, 42% used [0x0000000080000000,0x0000000081e12ce8,0x0000000084780000)
 Metaspace       used 54534K, capacity 56864K, committed 57048K, reserved 1097728K
  class space    used 7423K, capacity 7881K, committed 7936K, reserved 1048576K
}
Event: 12.733 GC heap before
{Heap before GC invocations=14 (full 2):
 PSYoungGen      total 186880K, used 69997K [0x00000000d5580000, 0x00000000e5480000, 0x0000000100000000)
  eden space 173568K, 32% used [0x00000000d5580000,0x00000000d8ce1520,0x00000000dff00000)
  from space 13312K, 99% used [0x00000000dff00000,0x00000000e0bfa170,0x00000000e0c00000)
  to   space 19968K, 0% used [0x00000000e4100000,0x00000000e4100000,0x00000000e5480000)
 ParOldGen       total 73216K, used 30795K [0x0000000080000000, 0x0000000084780000, 0x00000000d5580000)
  object space 73216K, 42% used [0x0000000080000000,0x0000000081e12ce8,0x0000000084780000)
 Metaspace       used 56391K, capacity 58830K, committed 58968K, reserved 1099776K
  class space    used 7716K, capacity 8209K, committed 8320K, reserved 1048576K
Event: 12.759 GC heap after
Heap after GC invocations=14 (full 2):
 PSYoungGen      total 241664K, used 5135K [0x00000000d5580000, 0x00000000e5980000, 0x0000000100000000)
  eden space 221696K, 0% used [0x00000000d5580000,0x00000000d5580000,0x00000000e2e00000)
  from space 19968K, 25% used [0x00000000e4100000,0x00000000e4603cf8,0x00000000e5480000)
  to   space 19456K, 0% used [0x00000000e2e00000,0x00000000e2e00000,0x00000000e4100000)
 ParOldGen       total 73216K, used 41729K [0x0000000080000000, 0x0000000084780000, 0x00000000d5580000)
  object space 73216K, 56% used [0x0000000080000000,0x00000000828c04e0,0x0000000084780000)
 Metaspace       used 56391K, capacity 58830K, committed 58968K, reserved 1099776K
  class space    used 7716K, capacity 8209K, committed 8320K, reserved 1048576K
}
Event: 12.759 GC heap before
{Heap before GC invocations=15 (full 3):
 PSYoungGen      total 241664K, used 5135K [0x00000000d5580000, 0x00000000e5980000, 0x0000000100000000)
  eden space 221696K, 0% used [0x00000000d5580000,0x00000000d5580000,0x00000000e2e00000)
  from space 19968K, 25% used [0x00000000e4100000,0x00000000e4603cf8,0x00000000e5480000)
  to   space 19456K, 0% used [0x00000000e2e00000,0x00000000e2e00000,0x00000000e4100000)
 ParOldGen       total 73216K, used 41729K [0x0000000080000000, 0x0000000084780000, 0x00000000d5580000)
  object space 73216K, 56% used [0x0000000080000000,0x00000000828c04e0,0x0000000084780000)
 Metaspace       used 56391K, capacity 58830K, committed 58968K, reserved 1099776K
  class space    used 7716K, capacity 8209K, committed 8320K, reserved 1048576K
Event: 13.121 GC heap after
Heap after GC invocations=15 (full 3):
 PSYoungGen      total 241664K, used 0K [0x00000000d5580000, 0x00000000e5980000, 0x0000000100000000)
  eden space 221696K, 0% used [0x00000000d5580000,0x00000000d5580000,0x00000000e2e00000)
  from space 19968K, 0% used [0x00000000e4100000,0x00000000e4100000,0x00000000e5480000)
  to   space 19456K, 0% used [0x00000000e2e00000,0x00000000e2e00000,0x00000000e4100000)
 ParOldGen       total 113664K, used 33502K [0x0000000080000000, 0x0000000086f00000, 0x00000000d5580000)
  object space 113664K, 29% used [0x0000000080000000,0x00000000820b7930,0x0000000086f00000)
 Metaspace       used 56352K, capacity 58698K, committed 58968K, reserved 1099776K
  class space    used 7704K, capacity 8187K, committed 8320K, reserved 1048576K
}
Event: 17.472 GC heap before
{Heap before GC invocations=16 (full 3):
 PSYoungGen      total 241664K, used 221696K [0x00000000d5580000, 0x00000000e5980000, 0x0000000100000000)
  eden space 221696K, 100% used [0x00000000d5580000,0x00000000e2e00000,0x00000000e2e00000)
  from space 19968K, 0% used [0x00000000e4100000,0x00000000e4100000,0x00000000e5480000)
  to   space 19456K, 0% used [0x00000000e2e00000,0x00000000e2e00000,0x00000000e4100000)
 ParOldGen       total 113664K, used 33502K [0x0000000080000000, 0x0000000086f00000, 0x00000000d5580000)
  object space 113664K, 29% used [0x0000000080000000,0x00000000820b7930,0x0000000086f00000)
 Metaspace       used 65063K, capacity 68236K, committed 68568K, reserved 1107968K
  class space    used 8984K, capacity 9612K, committed 9728K, reserved 1048576K
Event: 17.506 GC heap after
Heap after GC invocations=16 (full 3):
 PSYoungGen      total 241152K, used 19437K [0x00000000d5580000, 0x00000000e9500000, 0x0000000100000000)
  eden space 221696K, 0% used [0x00000000d5580000,0x00000000d5580000,0x00000000e2e00000)
  from space 19456K, 99% used [0x00000000e2e00000,0x00000000e40fb628,0x00000000e4100000)
  to   space 26624K, 0% used [0x00000000e7b00000,0x00000000e7b00000,0x00000000e9500000)
 ParOldGen       total 113664K, used 45251K [0x0000000080000000, 0x0000000086f00000, 0x00000000d5580000)
  object space 113664K, 39% used [0x0000000080000000,0x0000000082c30ec8,0x0000000086f00000)
 Metaspace       used 65063K, capacity 68236K, committed 68568K, reserved 1107968K
  class space    used 8984K, capacity 9612K, committed 9728K, reserved 1048576K
}

