# JRE version: OpenJDK Runtime Environment (8.0_242-b01) (build 1.8.0_242-release-1644-b01)
# Java VM: OpenJDK 64-Bit Server VM (25.242-b01 mixed mode windows-amd64 compressed oops)
Heap:
 PSYoungGen      total 176128K, used 42265K [0x00000000d5580000, 0x00000000e1200000, 0x0000000100000000)
  eden space 165888K, 19% used [0x00000000d5580000,0x00000000d7506590,0x00000000df780000)
  from space 10240K, 97% used [0x00000000e0800000,0x00000000e11bfe78,0x00000000e1200000)
  to   space 13312K, 0% used [0x00000000df800000,0x00000000df800000,0x00000000e0500000)
 ParOldGen       total 49152K, used 17198K [0x0000000080000000, 0x0000000083000000, 0x00000000d5580000)
  object space 49152K, 34% used [0x0000000080000000,0x00000000810cb998,0x0000000083000000)
 Metaspace       used 43834K, capacity 45640K, committed 45736K, reserved 1089536K
  class space    used 5925K, capacity 6292K, committed 6312K, reserved 1048576K
GC Heap History (10 events):
Event: 4.379 GC heap before
{Heap before GC invocations=8 (full 1):
 PSYoungGen      total 75264K, used 3920K [0x00000000d5580000, 0x00000000de880000, 0x0000000100000000)
  eden space 64512K, 0% used [0x00000000d5580000,0x00000000d5580000,0x00000000d9480000)
  from space 10752K, 36% used [0x00000000d9480000,0x00000000d9854040,0x00000000d9f00000)
  to   space 10752K, 0% used [0x00000000dde00000,0x00000000dde00000,0x00000000de880000)
 ParOldGen       total 86016K, used 8663K [0x0000000080000000, 0x0000000085400000, 0x00000000d5580000)
  object space 86016K, 10% used [0x0000000080000000,0x0000000080875ca8,0x0000000085400000)
 Metaspace       used 20573K, capacity 21236K, committed 21296K, reserved 1067008K
  class space    used 2872K, capacity 3080K, committed 3120K, reserved 1048576K
Event: 4.429 GC heap after
Heap after GC invocations=8 (full 1):
 PSYoungGen      total 75264K, used 0K [0x00000000d5580000, 0x00000000de880000, 0x0000000100000000)
  eden space 64512K, 0% used [0x00000000d5580000,0x00000000d5580000,0x00000000d9480000)
  from space 10752K, 0% used [0x00000000d9480000,0x00000000d9480000,0x00000000d9f00000)
  to   space 10752K, 0% used [0x00000000dde00000,0x00000000dde00000,0x00000000de880000)
 ParOldGen       total 49152K, used 6815K [0x0000000080000000, 0x0000000083000000, 0x00000000d5580000)
  object space 49152K, 13% used [0x0000000080000000,0x00000000806a7ff0,0x0000000083000000)
 Metaspace       used 20573K, capacity 21236K, committed 21296K, reserved 1067008K
  class space    used 2872K, capacity 3080K, committed 3120K, reserved 1048576K
}
Event: 5.673 GC heap before
{Heap before GC invocations=9 (full 1):
 PSYoungGen      total 75264K, used 64512K [0x00000000d5580000, 0x00000000de880000, 0x0000000100000000)
  eden space 64512K, 100% used [0x00000000d5580000,0x00000000d9480000,0x00000000d9480000)
  from space 10752K, 0% used [0x00000000d9480000,0x00000000d9480000,0x00000000d9f00000)
  to   space 10752K, 0% used [0x00000000dde00000,0x00000000dde00000,0x00000000de880000)
 ParOldGen       total 49152K, used 6815K [0x0000000080000000, 0x0000000083000000, 0x00000000d5580000)
  object space 49152K, 13% used [0x0000000080000000,0x00000000806a7ff0,0x0000000083000000)
 Metaspace       used 28702K, capacity 29616K, committed 29872K, reserved 1075200K
  class space    used 3971K, capacity 4224K, committed 4272K, reserved 1048576K
Event: 5.692 GC heap after
Heap after GC invocations=9 (full 1):
 PSYoungGen      total 124928K, used 8420K [0x00000000d5580000, 0x00000000de680000, 0x0000000100000000)
  eden space 116224K, 0% used [0x00000000d5580000,0x00000000d5580000,0x00000000dc700000)
  from space 8704K, 96% used [0x00000000dde00000,0x00000000de6390d0,0x00000000de680000)
  to   space 11264K, 0% used [0x00000000dd080000,0x00000000dd080000,0x00000000ddb80000)
 ParOldGen       total 49152K, used 6823K [0x0000000080000000, 0x0000000083000000, 0x00000000d5580000)
  object space 49152K, 13% used [0x0000000080000000,0x00000000806a9ff0,0x0000000083000000)
 Metaspace       used 28702K, capacity 29616K, committed 29872K, reserved 1075200K
  class space    used 3971K, capacity 4224K, committed 4272K, reserved 1048576K
}
Event: 7.063 GC heap before
{Heap before GC invocations=10 (full 1):
 PSYoungGen      total 124928K, used 101206K [0x00000000d5580000, 0x00000000de680000, 0x0000000100000000)
  eden space 116224K, 79% used [0x00000000d5580000,0x00000000db01ca20,0x00000000dc700000)
  from space 8704K, 96% used [0x00000000dde00000,0x00000000de6390d0,0x00000000de680000)
  to   space 11264K, 0% used [0x00000000dd080000,0x00000000dd080000,0x00000000ddb80000)
 ParOldGen       total 49152K, used 6823K [0x0000000080000000, 0x0000000083000000, 0x00000000d5580000)
  object space 49152K, 13% used [0x0000000080000000,0x00000000806a9ff0,0x0000000083000000)
 Metaspace       used 34229K, capacity 35424K, committed 35496K, reserved 1079296K
  class space    used 4703K, capacity 5005K, committed 5032K, reserved 1048576K
Event: 7.080 GC heap after
Heap after GC invocations=10 (full 1):
 PSYoungGen      total 137216K, used 10937K [0x00000000d5580000, 0x00000000e1480000, 0x0000000100000000)
  eden space 125952K, 0% used [0x00000000d5580000,0x00000000d5580000,0x00000000dd080000)
  from space 11264K, 97% used [0x00000000dd080000,0x00000000ddb2e5f8,0x00000000ddb80000)
  to   space 12800K, 0% used [0x00000000e0800000,0x00000000e0800000,0x00000000e1480000)
 ParOldGen       total 49152K, used 6831K [0x0000000080000000, 0x0000000083000000, 0x00000000d5580000)
  object space 49152K, 13% used [0x0000000080000000,0x00000000806abff0,0x0000000083000000)
 Metaspace       used 34229K, capacity 35424K, committed 35496K, reserved 1079296K
  class space    used 4703K, capacity 5005K, committed 5032K, reserved 1048576K
}
Event: 7.080 GC heap before
{Heap before GC invocations=11 (full 2):
 PSYoungGen      total 137216K, used 10937K [0x00000000d5580000, 0x00000000e1480000, 0x0000000100000000)
  eden space 125952K, 0% used [0x00000000d5580000,0x00000000d5580000,0x00000000dd080000)
  from space 11264K, 97% used [0x00000000dd080000,0x00000000ddb2e5f8,0x00000000ddb80000)
  to   space 12800K, 0% used [0x00000000e0800000,0x00000000e0800000,0x00000000e1480000)
 ParOldGen       total 49152K, used 6831K [0x0000000080000000, 0x0000000083000000, 0x00000000d5580000)
  object space 49152K, 13% used [0x0000000080000000,0x00000000806abff0,0x0000000083000000)
 Metaspace       used 34229K, capacity 35424K, committed 35496K, reserved 1079296K
  class space    used 4703K, capacity 5005K, committed 5032K, reserved 1048576K
Event: 7.197 GC heap after
Heap after GC invocations=11 (full 2):
 PSYoungGen      total 137216K, used 0K [0x00000000d5580000, 0x00000000e1480000, 0x0000000100000000)
  eden space 125952K, 0% used [0x00000000d5580000,0x00000000d5580000,0x00000000dd080000)
  from space 11264K, 0% used [0x00000000dd080000,0x00000000dd080000,0x00000000ddb80000)
  to   space 12800K, 0% used [0x00000000e0800000,0x00000000e0800000,0x00000000e1480000)
 ParOldGen       total 49152K, used 17190K [0x0000000080000000, 0x0000000083000000, 0x00000000d5580000)
  object space 49152K, 34% used [0x0000000080000000,0x00000000810c9998,0x0000000083000000)
 Metaspace       used 34229K, capacity 35424K, committed 35496K, reserved 1079296K
  class space    used 4703K, capacity 5005K, committed 5032K, reserved 1048576K
}
Event: 8.715 GC heap before
{Heap before GC invocations=12 (full 2):
 PSYoungGen      total 137216K, used 125952K [0x00000000d5580000, 0x00000000e1480000, 0x0000000100000000)
  eden space 125952K, 100% used [0x00000000d5580000,0x00000000dd080000,0x00000000dd080000)
  from space 11264K, 0% used [0x00000000dd080000,0x00000000dd080000,0x00000000ddb80000)
  to   space 12800K, 0% used [0x00000000e0800000,0x00000000e0800000,0x00000000e1480000)
 ParOldGen       total 49152K, used 17190K [0x0000000080000000, 0x0000000083000000, 0x00000000d5580000)
  object space 49152K, 34% used [0x0000000080000000,0x00000000810c9998,0x0000000083000000)
 Metaspace       used 39343K, capacity 41076K, committed 41128K, reserved 1085440K
  class space    used 5424K, capacity 5760K, committed 5800K, reserved 1048576K
Event: 8.731 GC heap after
Heap after GC invocations=12 (full 2):
 PSYoungGen      total 176128K, used 9983K [0x00000000d5580000, 0x00000000e1200000, 0x0000000100000000)
  eden space 165888K, 0% used [0x00000000d5580000,0x00000000d5580000,0x00000000df780000)
  from space 10240K, 97% used [0x00000000e0800000,0x00000000e11bfe78,0x00000000e1200000)
  to   space 13312K, 0% used [0x00000000df800000,0x00000000df800000,0x00000000e0500000)
 ParOldGen       total 49152K, used 17198K [0x0000000080000000, 0x0000000083000000, 0x00000000d5580000)
  object space 49152K, 34% used [0x0000000080000000,0x00000000810cb998,0x0000000083000000)
 Metaspace       used 39343K, capacity 41076K, committed 41128K, reserved 1085440K
  class space    used 5424K, capacity 5760K, committed 5800K, reserved 1048576K
}

