# JRE version: OpenJDK Runtime Environment (8.0_242-b01) (build 1.8.0_242-release-1644-b01)
# Java VM: OpenJDK 64-Bit Server VM (25.242-b01 mixed mode windows-amd64 compressed oops)
Heap:
 PSYoungGen      total 367616K, used 217871K [0x00000000d5580000, 0x00000000f0780000, 0x0000000100000000)
  eden space 293888K, 61% used [0x00000000d5580000,0x00000000e0766c70,0x00000000e7480000)
  from space 73728K, 48% used [0x00000000ebf80000,0x00000000ee25d168,0x00000000f0780000)
  to   space 75264K, 0% used [0x00000000e7480000,0x00000000e7480000,0x00000000ebe00000)
 ParOldGen       total 249344K, used 161510K [0x0000000080000000, 0x000000008f380000, 0x00000000d5580000)
  object space 249344K, 64% used [0x0000000080000000,0x0000000089db9970,0x000000008f380000)
 Metaspace       used 89118K, capacity 93550K, committed 94040K, reserved 1130496K
  class space    used 11932K, capacity 12766K, committed 12928K, reserved 1048576K
GC Heap History (10 events):
Event: 24.007 GC heap before
{Heap before GC invocations=18 (full 3):
 PSYoungGen      total 287744K, used 287729K [0x00000000d5580000, 0x00000000e9980000, 0x0000000100000000)
  eden space 265728K, 100% used [0x00000000d5580000,0x00000000e5900000,0x00000000e5900000)
  from space 22016K, 99% used [0x00000000e7680000,0x00000000e8bfc478,0x00000000e8c00000)
  to   space 30208K, 0% used [0x00000000e5900000,0x00000000e5900000,0x00000000e7680000)
 ParOldGen       total 115712K, used 47250K [0x0000000080000000, 0x0000000087100000, 0x00000000d5580000)
  object space 115712K, 40% used [0x0000000080000000,0x0000000082e24898,0x0000000087100000)
 Metaspace       used 79347K, capacity 83810K, committed 84056K, reserved 1122304K
  class space    used 11019K, capacity 11864K, committed 11904K, reserved 1048576K
Event: 24.084 GC heap after
Heap after GC invocations=18 (full 3):
 PSYoungGen      total 295936K, used 30206K [0x00000000d5580000, 0x00000000eeb00000, 0x0000000100000000)
  eden space 265728K, 0% used [0x00000000d5580000,0x00000000d5580000,0x00000000e5900000)
  from space 30208K, 99% used [0x00000000e5900000,0x00000000e767f9d0,0x00000000e7680000)
  to   space 43520K, 0% used [0x00000000ec080000,0x00000000ec080000,0x00000000eeb00000)
 ParOldGen       total 115712K, used 69073K [0x0000000080000000, 0x0000000087100000, 0x00000000d5580000)
  object space 115712K, 59% used [0x0000000080000000,0x00000000843744a0,0x0000000087100000)
 Metaspace       used 79347K, capacity 83810K, committed 84056K, reserved 1122304K
  class space    used 11019K, capacity 11864K, committed 11904K, reserved 1048576K
}
Event: 29.304 GC heap before
{Heap before GC invocations=19 (full 3):
 PSYoungGen      total 295936K, used 295934K [0x00000000d5580000, 0x00000000eeb00000, 0x0000000100000000)
  eden space 265728K, 100% used [0x00000000d5580000,0x00000000e5900000,0x00000000e5900000)
  from space 30208K, 99% used [0x00000000e5900000,0x00000000e767f9d0,0x00000000e7680000)
  to   space 43520K, 0% used [0x00000000ec080000,0x00000000ec080000,0x00000000eeb00000)
 ParOldGen       total 115712K, used 69073K [0x0000000080000000, 0x0000000087100000, 0x00000000d5580000)
  object space 115712K, 59% used [0x0000000080000000,0x00000000843744a0,0x0000000087100000)
 Metaspace       used 81099K, capacity 85800K, committed 85848K, reserved 1122304K
  class space    used 11265K, capacity 12129K, committed 12160K, reserved 1048576K
Event: 29.451 GC heap after
Heap after GC invocations=19 (full 3):
 PSYoungGen      total 309248K, used 43507K [0x00000000d5580000, 0x00000000eeb00000, 0x0000000100000000)
  eden space 265728K, 0% used [0x00000000d5580000,0x00000000d5580000,0x00000000e5900000)
  from space 43520K, 99% used [0x00000000ec080000,0x00000000eeafcf58,0x00000000eeb00000)
  to   space 30208K, 0% used [0x00000000e5900000,0x00000000e5900000,0x00000000e7680000)
 ParOldGen       total 115712K, used 115391K [0x0000000080000000, 0x0000000087100000, 0x00000000d5580000)
  object space 115712K, 99% used [0x0000000080000000,0x00000000870afc60,0x0000000087100000)
 Metaspace       used 81099K, capacity 85800K, committed 85848K, reserved 1122304K
  class space    used 11265K, capacity 12129K, committed 12160K, reserved 1048576K
}
Event: 29.451 GC heap before
{Heap before GC invocations=20 (full 4):
 PSYoungGen      total 309248K, used 43507K [0x00000000d5580000, 0x00000000eeb00000, 0x0000000100000000)
  eden space 265728K, 0% used [0x00000000d5580000,0x00000000d5580000,0x00000000e5900000)
  from space 43520K, 99% used [0x00000000ec080000,0x00000000eeafcf58,0x00000000eeb00000)
  to   space 30208K, 0% used [0x00000000e5900000,0x00000000e5900000,0x00000000e7680000)
 ParOldGen       total 115712K, used 115391K [0x0000000080000000, 0x0000000087100000, 0x00000000d5580000)
  object space 115712K, 99% used [0x0000000080000000,0x00000000870afc60,0x0000000087100000)
 Metaspace       used 81099K, capacity 85800K, committed 85848K, reserved 1122304K
  class space    used 11265K, capacity 12129K, committed 12160K, reserved 1048576K
Event: 31.099 GC heap after
Heap after GC invocations=20 (full 4):
 PSYoungGen      total 309248K, used 29631K [0x00000000d5580000, 0x00000000eeb00000, 0x0000000100000000)
  eden space 265728K, 0% used [0x00000000d5580000,0x00000000d5580000,0x00000000e5900000)
  from space 43520K, 68% used [0x00000000ec080000,0x00000000edd6ff78,0x00000000eeb00000)
  to   space 30208K, 0% used [0x00000000e5900000,0x00000000e5900000,0x00000000e7680000)
 ParOldGen       total 249344K, used 115224K [0x0000000080000000, 0x000000008f380000, 0x00000000d5580000)
  object space 249344K, 46% used [0x0000000080000000,0x00000000870861c8,0x000000008f380000)
 Metaspace       used 80811K, capacity 85002K, committed 85848K, reserved 1122304K
  class space    used 11170K, capacity 11960K, committed 12160K, reserved 1048576K
}
Event: 88.756 GC heap before
{Heap before GC invocations=21 (full 4):
 PSYoungGen      total 309248K, used 295359K [0x00000000d5580000, 0x00000000eeb00000, 0x0000000100000000)
  eden space 265728K, 100% used [0x00000000d5580000,0x00000000e5900000,0x00000000e5900000)
  from space 43520K, 68% used [0x00000000ec080000,0x00000000edd6ff78,0x00000000eeb00000)
  to   space 30208K, 0% used [0x00000000e5900000,0x00000000e5900000,0x00000000e7680000)
 ParOldGen       total 249344K, used 115224K [0x0000000080000000, 0x000000008f380000, 0x00000000d5580000)
  object space 249344K, 46% used [0x0000000080000000,0x00000000870861c8,0x000000008f380000)
 Metaspace       used 88513K, capacity 92908K, committed 93528K, reserved 1130496K
  class space    used 11923K, capacity 12757K, committed 12928K, reserved 1048576K
Event: 88.888 GC heap after
Heap after GC invocations=21 (full 4):
 PSYoungGen      total 295936K, used 30177K [0x00000000d5580000, 0x00000000f0a80000, 0x0000000100000000)
  eden space 265728K, 0% used [0x00000000d5580000,0x00000000d5580000,0x00000000e5900000)
  from space 30208K, 99% used [0x00000000e5900000,0x00000000e7678578,0x00000000e7680000)
  to   space 76800K, 0% used [0x00000000ebf80000,0x00000000ebf80000,0x00000000f0a80000)
 ParOldGen       total 249344K, used 145342K [0x0000000080000000, 0x000000008f380000, 0x00000000d5580000)
  object space 249344K, 58% used [0x0000000080000000,0x0000000088def948,0x000000008f380000)
 Metaspace       used 88513K, capacity 92908K, committed 93528K, reserved 1130496K
  class space    used 11923K, capacity 12757K, committed 12928K, reserved 1048576K
}
Event: 92.499 GC heap before
{Heap before GC invocations=22 (full 4):
 PSYoungGen      total 295936K, used 290145K [0x00000000d5580000, 0x00000000f0a80000, 0x0000000100000000)
  eden space 265728K, 97% used [0x00000000d5580000,0x00000000e5360248,0x00000000e5900000)
  from space 30208K, 99% used [0x00000000e5900000,0x00000000e7678578,0x00000000e7680000)
  to   space 76800K, 0% used [0x00000000ebf80000,0x00000000ebf80000,0x00000000f0a80000)
 ParOldGen       total 249344K, used 145342K [0x0000000080000000, 0x000000008f380000, 0x00000000d5580000)
  object space 249344K, 58% used [0x0000000080000000,0x0000000088def948,0x000000008f380000)
 Metaspace       used 89099K, capacity 93550K, committed 94040K, reserved 1130496K
  class space    used 11931K, capacity 12766K, committed 12928K, reserved 1048576K
Event: 92.564 GC heap after
Heap after GC invocations=22 (full 4):
 PSYoungGen      total 367616K, used 35700K [0x00000000d5580000, 0x00000000f0780000, 0x0000000100000000)
  eden space 293888K, 0% used [0x00000000d5580000,0x00000000d5580000,0x00000000e7480000)
  from space 73728K, 48% used [0x00000000ebf80000,0x00000000ee25d168,0x00000000f0780000)
  to   space 75264K, 0% used [0x00000000e7480000,0x00000000e7480000,0x00000000ebe00000)
 ParOldGen       total 249344K, used 161510K [0x0000000080000000, 0x000000008f380000, 0x00000000d5580000)
  object space 249344K, 64% used [0x0000000080000000,0x0000000089db9970,0x000000008f380000)
 Metaspace       used 89099K, capacity 93550K, committed 94040K, reserved 1130496K
  class space    used 11931K, capacity 12766K, committed 12928K, reserved 1048576K
}

