# JRE version: OpenJDK Runtime Environment (8.0_242-b01) (build 1.8.0_242-release-1644-b01)
# Java VM: OpenJDK 64-Bit Server VM (25.242-b01 mixed mode windows-amd64 compressed oops)
Heap:
 PSYoungGen      total 326656K, used 284952K [0x00000000d5580000, 0x00000000f1780000, 0x0000000100000000)
  eden space 300032K, 86% used [0x00000000d5580000,0x00000000e51c7028,0x00000000e7a80000)
  from space 26624K, 99% used [0x00000000e7a80000,0x00000000e947f200,0x00000000e9480000)
  to   space 33792K, 0% used [0x00000000ef680000,0x00000000ef680000,0x00000000f1780000)
 ParOldGen       total 107520K, used 71254K [0x0000000080000000, 0x0000000086900000, 0x00000000d5580000)
  object space 107520K, 66% used [0x0000000080000000,0x00000000845958e0,0x0000000086900000)
 Metaspace       used 83665K, capacity 88574K, committed 88792K, reserved 1126400K
  class space    used 11526K, capacity 12488K, committed 12544K, reserved 1048576K
GC Heap History (10 events):
Event: 17.329 GC heap before
{Heap before GC invocations=14 (full 2):
 PSYoungGen      total 189440K, used 67932K [0x00000000d5580000, 0x00000000e6200000, 0x0000000100000000)
  eden space 176128K, 31% used [0x00000000d5580000,0x00000000d8ade920,0x00000000e0180000)
  from space 13312K, 99% used [0x00000000e0180000,0x00000000e0e78948,0x00000000e0e80000)
  to   space 20480K, 0% used [0x00000000e4e00000,0x00000000e4e00000,0x00000000e6200000)
 ParOldGen       total 70656K, used 31454K [0x0000000080000000, 0x0000000084500000, 0x00000000d5580000)
  object space 70656K, 44% used [0x0000000080000000,0x0000000081eb7aa8,0x0000000084500000)
 Metaspace       used 56498K, capacity 58862K, committed 58968K, reserved 1099776K
  class space    used 7727K, capacity 8215K, committed 8320K, reserved 1048576K
Event: 17.362 GC heap after
Heap after GC invocations=14 (full 2):
 PSYoungGen      total 254976K, used 4647K [0x00000000d5580000, 0x00000000e6b00000, 0x0000000100000000)
  eden space 234496K, 0% used [0x00000000d5580000,0x00000000d5580000,0x00000000e3a80000)
  from space 20480K, 22% used [0x00000000e4e00000,0x00000000e5289f38,0x00000000e6200000)
  to   space 19968K, 0% used [0x00000000e3a80000,0x00000000e3a80000,0x00000000e4e00000)
 ParOldGen       total 70656K, used 42573K [0x0000000080000000, 0x0000000084500000, 0x00000000d5580000)
  object space 70656K, 60% used [0x0000000080000000,0x00000000829935d0,0x0000000084500000)
 Metaspace       used 56498K, capacity 58862K, committed 58968K, reserved 1099776K
  class space    used 7727K, capacity 8215K, committed 8320K, reserved 1048576K
}
Event: 17.362 GC heap before
{Heap before GC invocations=15 (full 3):
 PSYoungGen      total 254976K, used 4647K [0x00000000d5580000, 0x00000000e6b00000, 0x0000000100000000)
  eden space 234496K, 0% used [0x00000000d5580000,0x00000000d5580000,0x00000000e3a80000)
  from space 20480K, 22% used [0x00000000e4e00000,0x00000000e5289f38,0x00000000e6200000)
  to   space 19968K, 0% used [0x00000000e3a80000,0x00000000e3a80000,0x00000000e4e00000)
 ParOldGen       total 70656K, used 42573K [0x0000000080000000, 0x0000000084500000, 0x00000000d5580000)
  object space 70656K, 60% used [0x0000000080000000,0x00000000829935d0,0x0000000084500000)
 Metaspace       used 56498K, capacity 58862K, committed 58968K, reserved 1099776K
  class space    used 7727K, capacity 8215K, committed 8320K, reserved 1048576K
Event: 17.715 GC heap after
Heap after GC invocations=15 (full 3):
 PSYoungGen      total 254976K, used 0K [0x00000000d5580000, 0x00000000e6b00000, 0x0000000100000000)
  eden space 234496K, 0% used [0x00000000d5580000,0x00000000d5580000,0x00000000e3a80000)
  from space 20480K, 0% used [0x00000000e4e00000,0x00000000e4e00000,0x00000000e6200000)
  to   space 19968K, 0% used [0x00000000e3a80000,0x00000000e3a80000,0x00000000e4e00000)
 ParOldGen       total 107520K, used 33272K [0x0000000080000000, 0x0000000086900000, 0x00000000d5580000)
  object space 107520K, 30% used [0x0000000080000000,0x000000008207e260,0x0000000086900000)
 Metaspace       used 56448K, capacity 58694K, committed 58968K, reserved 1099776K
  class space    used 7712K, capacity 8187K, committed 8320K, reserved 1048576K
}
Event: 21.989 GC heap before
{Heap before GC invocations=16 (full 3):
 PSYoungGen      total 254976K, used 234496K [0x00000000d5580000, 0x00000000e6b00000, 0x0000000100000000)
  eden space 234496K, 100% used [0x00000000d5580000,0x00000000e3a80000,0x00000000e3a80000)
  from space 20480K, 0% used [0x00000000e4e00000,0x00000000e4e00000,0x00000000e6200000)
  to   space 19968K, 0% used [0x00000000e3a80000,0x00000000e3a80000,0x00000000e4e00000)
 ParOldGen       total 107520K, used 33272K [0x0000000080000000, 0x0000000086900000, 0x00000000d5580000)
  object space 107520K, 30% used [0x0000000080000000,0x000000008207e260,0x0000000086900000)
 Metaspace       used 65253K, capacity 68512K, committed 68824K, reserved 1107968K
  class space    used 9015K, capacity 9638K, committed 9728K, reserved 1048576K
Event: 22.064 GC heap after
Heap after GC invocations=16 (full 3):
 PSYoungGen      total 254464K, used 19961K [0x00000000d5580000, 0x00000000eb500000, 0x0000000100000000)
  eden space 234496K, 0% used [0x00000000d5580000,0x00000000d5580000,0x00000000e3a80000)
  from space 19968K, 99% used [0x00000000e3a80000,0x00000000e4dfe628,0x00000000e4e00000)
  to   space 27136K, 0% used [0x00000000e9a80000,0x00000000e9a80000,0x00000000eb500000)
 ParOldGen       total 107520K, used 45063K [0x0000000080000000, 0x0000000086900000, 0x00000000d5580000)
  object space 107520K, 41% used [0x0000000080000000,0x0000000082c01f88,0x0000000086900000)
 Metaspace       used 65253K, capacity 68512K, committed 68824K, reserved 1107968K
  class space    used 9015K, capacity 9638K, committed 9728K, reserved 1048576K
}
Event: 25.926 GC heap before
{Heap before GC invocations=17 (full 3):
 PSYoungGen      total 254464K, used 254457K [0x00000000d5580000, 0x00000000eb500000, 0x0000000100000000)
  eden space 234496K, 100% used [0x00000000d5580000,0x00000000e3a80000,0x00000000e3a80000)
  from space 19968K, 99% used [0x00000000e3a80000,0x00000000e4dfe628,0x00000000e4e00000)
  to   space 27136K, 0% used [0x00000000e9a80000,0x00000000e9a80000,0x00000000eb500000)
 ParOldGen       total 107520K, used 45063K [0x0000000080000000, 0x0000000086900000, 0x00000000d5580000)
  object space 107520K, 41% used [0x0000000080000000,0x0000000082c01f88,0x0000000086900000)
 Metaspace       used 67386K, capacity 70906K, committed 71128K, reserved 1110016K
  class space    used 9281K, capacity 9903K, committed 9984K, reserved 1048576K
Event: 25.967 GC heap after
Heap after GC invocations=17 (full 3):
 PSYoungGen      total 320512K, used 13276K [0x00000000d5580000, 0x00000000eae80000, 0x0000000100000000)
  eden space 300032K, 0% used [0x00000000d5580000,0x00000000d5580000,0x00000000e7a80000)
  from space 20480K, 64% used [0x00000000e9a80000,0x00000000ea777048,0x00000000eae80000)
  to   space 26624K, 0% used [0x00000000e7a80000,0x00000000e7a80000,0x00000000e9480000)
 ParOldGen       total 107520K, used 63686K [0x0000000080000000, 0x0000000086900000, 0x00000000d5580000)
  object space 107520K, 59% used [0x0000000080000000,0x0000000083e31860,0x0000000086900000)
 Metaspace       used 67386K, capacity 70906K, committed 71128K, reserved 1110016K
  class space    used 9281K, capacity 9903K, committed 9984K, reserved 1048576K
}
Event: 37.609 GC heap before
{Heap before GC invocations=18 (full 3):
 PSYoungGen      total 320512K, used 313308K [0x00000000d5580000, 0x00000000eae80000, 0x0000000100000000)
  eden space 300032K, 100% used [0x00000000d5580000,0x00000000e7a80000,0x00000000e7a80000)
  from space 20480K, 64% used [0x00000000e9a80000,0x00000000ea777048,0x00000000eae80000)
  to   space 26624K, 0% used [0x00000000e7a80000,0x00000000e7a80000,0x00000000e9480000)
 ParOldGen       total 107520K, used 63686K [0x0000000080000000, 0x0000000086900000, 0x00000000d5580000)
  object space 107520K, 59% used [0x0000000080000000,0x0000000083e31860,0x0000000086900000)
 Metaspace       used 77425K, capacity 81194K, committed 81496K, reserved 1120256K
  class space    used 10443K, capacity 11104K, committed 11136K, reserved 1048576K
Event: 38.185 GC heap after
Heap after GC invocations=18 (full 3):
 PSYoungGen      total 326656K, used 26620K [0x00000000d5580000, 0x00000000f1780000, 0x0000000100000000)
  eden space 300032K, 0% used [0x00000000d5580000,0x00000000d5580000,0x00000000e7a80000)
  from space 26624K, 99% used [0x00000000e7a80000,0x00000000e947f200,0x00000000e9480000)
  to   space 33792K, 0% used [0x00000000ef680000,0x00000000ef680000,0x00000000f1780000)
 ParOldGen       total 107520K, used 71254K [0x0000000080000000, 0x0000000086900000, 0x00000000d5580000)
  object space 107520K, 66% used [0x0000000080000000,0x00000000845958e0,0x0000000086900000)
 Metaspace       used 77425K, capacity 81194K, committed 81496K, reserved 1120256K
  class space    used 10443K, capacity 11104K, committed 11136K, reserved 1048576K
}

