# JRE version: OpenJDK Runtime Environment (8.0_242-b01) (build 1.8.0_242-release-1644-b01)
# Java VM: OpenJDK 64-Bit Server VM (25.242-b01 mixed mode windows-amd64 compressed oops)
Heap:
 PSYoungGen      total 137216K, used 31898K [0x00000000d5580000, 0x00000000e1b80000, 0x0000000100000000)
  eden space 125952K, 25% used [0x00000000d5580000,0x00000000d74a69c8,0x00000000dd080000)
  from space 11264K, 0% used [0x00000000dd080000,0x00000000dd080000,0x00000000ddb80000)
  to   space 12800K, 0% used [0x00000000e0f00000,0x00000000e0f00000,0x00000000e1b80000)
 ParOldGen       total 48128K, used 17333K [0x0000000080000000, 0x0000000082f00000, 0x00000000d5580000)
  object space 48128K, 36% used [0x0000000080000000,0x00000000810ed438,0x0000000082f00000)
 Metaspace       used 35826K, capacity 37196K, committed 37464K, reserved 1081344K
  class space    used 4920K, capacity 5201K, committed 5248K, reserved 1048576K
GC Heap History (10 events):
Event: 5.520 GC heap before
{Heap before GC invocations=7 (full 0):
 PSYoungGen      total 74240K, used 11862K [0x00000000d5580000, 0x00000000daa80000, 0x0000000100000000)
  eden space 64512K, 4% used [0x00000000d5580000,0x00000000d588f6d0,0x00000000d9480000)
  from space 9728K, 89% used [0x00000000d9f00000,0x00000000da7864e8,0x00000000da880000)
  to   space 10752K, 0% used [0x00000000d9480000,0x00000000d9480000,0x00000000d9f00000)
 ParOldGen       total 86016K, used 6348K [0x0000000080000000, 0x0000000085400000, 0x00000000d5580000)
  object space 86016K, 7% used [0x0000000080000000,0x0000000080633048,0x0000000085400000)
 Metaspace       used 20475K, capacity 21204K, committed 21248K, reserved 1067008K
  class space    used 2856K, capacity 3048K, committed 3072K, reserved 1048576K
Event: 5.527 GC heap after
Heap after GC invocations=7 (full 0):
 PSYoungGen      total 75264K, used 3684K [0x00000000d5580000, 0x00000000de880000, 0x0000000100000000)
  eden space 64512K, 0% used [0x00000000d5580000,0x00000000d5580000,0x00000000d9480000)
  from space 10752K, 34% used [0x00000000d9480000,0x00000000d9819050,0x00000000d9f00000)
  to   space 10752K, 0% used [0x00000000dde00000,0x00000000dde00000,0x00000000de880000)
 ParOldGen       total 86016K, used 8792K [0x0000000080000000, 0x0000000085400000, 0x00000000d5580000)
  object space 86016K, 10% used [0x0000000080000000,0x00000000808960a8,0x0000000085400000)
 Metaspace       used 20475K, capacity 21204K, committed 21248K, reserved 1067008K
  class space    used 2856K, capacity 3048K, committed 3072K, reserved 1048576K
}
Event: 5.527 GC heap before
{Heap before GC invocations=8 (full 1):
 PSYoungGen      total 75264K, used 3684K [0x00000000d5580000, 0x00000000de880000, 0x0000000100000000)
  eden space 64512K, 0% used [0x00000000d5580000,0x00000000d5580000,0x00000000d9480000)
  from space 10752K, 34% used [0x00000000d9480000,0x00000000d9819050,0x00000000d9f00000)
  to   space 10752K, 0% used [0x00000000dde00000,0x00000000dde00000,0x00000000de880000)
 ParOldGen       total 86016K, used 8792K [0x0000000080000000, 0x0000000085400000, 0x00000000d5580000)
  object space 86016K, 10% used [0x0000000080000000,0x00000000808960a8,0x0000000085400000)
 Metaspace       used 20475K, capacity 21204K, committed 21248K, reserved 1067008K
  class space    used 2856K, capacity 3048K, committed 3072K, reserved 1048576K
Event: 5.580 GC heap after
Heap after GC invocations=8 (full 1):
 PSYoungGen      total 75264K, used 0K [0x00000000d5580000, 0x00000000de880000, 0x0000000100000000)
  eden space 64512K, 0% used [0x00000000d5580000,0x00000000d5580000,0x00000000d9480000)
  from space 10752K, 0% used [0x00000000d9480000,0x00000000d9480000,0x00000000d9f00000)
  to   space 10752K, 0% used [0x00000000dde00000,0x00000000dde00000,0x00000000de880000)
 ParOldGen       total 48128K, used 6697K [0x0000000080000000, 0x0000000082f00000, 0x00000000d5580000)
  object space 48128K, 13% used [0x0000000080000000,0x000000008068a7b0,0x0000000082f00000)
 Metaspace       used 20475K, capacity 21204K, committed 21248K, reserved 1067008K
  class space    used 2856K, capacity 3048K, committed 3072K, reserved 1048576K
}
Event: 6.574 GC heap before
{Heap before GC invocations=9 (full 1):
 PSYoungGen      total 75264K, used 64512K [0x00000000d5580000, 0x00000000de880000, 0x0000000100000000)
  eden space 64512K, 100% used [0x00000000d5580000,0x00000000d9480000,0x00000000d9480000)
  from space 10752K, 0% used [0x00000000d9480000,0x00000000d9480000,0x00000000d9f00000)
  to   space 10752K, 0% used [0x00000000dde00000,0x00000000dde00000,0x00000000de880000)
 ParOldGen       total 48128K, used 6697K [0x0000000080000000, 0x0000000082f00000, 0x00000000d5580000)
  object space 48128K, 13% used [0x0000000080000000,0x000000008068a7b0,0x0000000082f00000)
 Metaspace       used 28447K, capacity 29386K, committed 29568K, reserved 1075200K
  class space    used 3933K, capacity 4191K, committed 4224K, reserved 1048576K
Event: 6.586 GC heap after
Heap after GC invocations=9 (full 1):
 PSYoungGen      total 127488K, used 8228K [0x00000000d5580000, 0x00000000de680000, 0x0000000100000000)
  eden space 118784K, 0% used [0x00000000d5580000,0x00000000d5580000,0x00000000dc980000)
  from space 8704K, 94% used [0x00000000dde00000,0x00000000de609048,0x00000000de680000)
  to   space 11264K, 0% used [0x00000000dd080000,0x00000000dd080000,0x00000000ddb80000)
 ParOldGen       total 48128K, used 6705K [0x0000000080000000, 0x0000000082f00000, 0x00000000d5580000)
  object space 48128K, 13% used [0x0000000080000000,0x000000008068c7b0,0x0000000082f00000)
 Metaspace       used 28447K, capacity 29386K, committed 29568K, reserved 1075200K
  class space    used 3933K, capacity 4191K, committed 4224K, reserved 1048576K
}
Event: 7.917 GC heap before
{Heap before GC invocations=10 (full 1):
 PSYoungGen      total 127488K, used 102171K [0x00000000d5580000, 0x00000000de680000, 0x0000000100000000)
  eden space 118784K, 79% used [0x00000000d5580000,0x00000000db13df40,0x00000000dc980000)
  from space 8704K, 94% used [0x00000000dde00000,0x00000000de609048,0x00000000de680000)
  to   space 11264K, 0% used [0x00000000dd080000,0x00000000dd080000,0x00000000ddb80000)
 ParOldGen       total 48128K, used 6705K [0x0000000080000000, 0x0000000082f00000, 0x00000000d5580000)
  object space 48128K, 13% used [0x0000000080000000,0x000000008068c7b0,0x0000000082f00000)
 Metaspace       used 34190K, capacity 35392K, committed 35416K, reserved 1079296K
  class space    used 4703K, capacity 4973K, committed 4992K, reserved 1048576K
Event: 7.934 GC heap after
Heap after GC invocations=10 (full 1):
 PSYoungGen      total 137216K, used 11218K [0x00000000d5580000, 0x00000000e1b80000, 0x0000000100000000)
  eden space 125952K, 0% used [0x00000000d5580000,0x00000000d5580000,0x00000000dd080000)
  from space 11264K, 99% used [0x00000000dd080000,0x00000000ddb74a30,0x00000000ddb80000)
  to   space 12800K, 0% used [0x00000000e0f00000,0x00000000e0f00000,0x00000000e1b80000)
 ParOldGen       total 48128K, used 6713K [0x0000000080000000, 0x0000000082f00000, 0x00000000d5580000)
  object space 48128K, 13% used [0x0000000080000000,0x000000008068e7b0,0x0000000082f00000)
 Metaspace       used 34190K, capacity 35392K, committed 35416K, reserved 1079296K
  class space    used 4703K, capacity 4973K, committed 4992K, reserved 1048576K
}
Event: 7.934 GC heap before
{Heap before GC invocations=11 (full 2):
 PSYoungGen      total 137216K, used 11218K [0x00000000d5580000, 0x00000000e1b80000, 0x0000000100000000)
  eden space 125952K, 0% used [0x00000000d5580000,0x00000000d5580000,0x00000000dd080000)
  from space 11264K, 99% used [0x00000000dd080000,0x00000000ddb74a30,0x00000000ddb80000)
  to   space 12800K, 0% used [0x00000000e0f00000,0x00000000e0f00000,0x00000000e1b80000)
 ParOldGen       total 48128K, used 6713K [0x0000000080000000, 0x0000000082f00000, 0x00000000d5580000)
  object space 48128K, 13% used [0x0000000080000000,0x000000008068e7b0,0x0000000082f00000)
 Metaspace       used 34190K, capacity 35392K, committed 35416K, reserved 1079296K
  class space    used 4703K, capacity 4973K, committed 4992K, reserved 1048576K
Event: 8.028 GC heap after
Heap after GC invocations=11 (full 2):
 PSYoungGen      total 137216K, used 0K [0x00000000d5580000, 0x00000000e1b80000, 0x0000000100000000)
  eden space 125952K, 0% used [0x00000000d5580000,0x00000000d5580000,0x00000000dd080000)
  from space 11264K, 0% used [0x00000000dd080000,0x00000000dd080000,0x00000000ddb80000)
  to   space 12800K, 0% used [0x00000000e0f00000,0x00000000e0f00000,0x00000000e1b80000)
 ParOldGen       total 48128K, used 17333K [0x0000000080000000, 0x0000000082f00000, 0x00000000d5580000)
  object space 48128K, 36% used [0x0000000080000000,0x00000000810ed438,0x0000000082f00000)
 Metaspace       used 34190K, capacity 35392K, committed 35416K, reserved 1079296K
  class space    used 4703K, capacity 4973K, committed 4992K, reserved 1048576K
}

