# JRE version: OpenJDK Runtime Environment (8.0_242-b01) (build 1.8.0_242-release-1644-b01)
# Java VM: OpenJDK 64-Bit Server VM (25.242-b01 mixed mode windows-amd64 compressed oops)
Heap:
 PSYoungGen      total 182784K, used 3218K [0x00000000d5580000, 0x00000000e2080000, 0x0000000100000000)
  eden space 172544K, 1% used [0x00000000d5580000,0x00000000d58a4830,0x00000000dfe00000)
  from space 10240K, 0% used [0x00000000e1680000,0x00000000e1680000,0x00000000e2080000)
  to   space 13312K, 0% used [0x00000000e0680000,0x00000000e0680000,0x00000000e1380000)
 ParOldGen       total 69120K, used 33528K [0x0000000080000000, 0x0000000084380000, 0x00000000d5580000)
  object space 69120K, 48% used [0x0000000080000000,0x00000000820be318,0x0000000084380000)
 Metaspace       used 56540K, capacity 58880K, committed 59156K, reserved 1099776K
  class space    used 7730K, capacity 8222K, committed 8320K, reserved 1048576K
GC Heap History (10 events):
Event: 6.756 GC heap before
{Heap before GC invocations=11 (full 2):
 PSYoungGen      total 136704K, used 11205K [0x00000000d5580000, 0x00000000e2300000, 0x0000000100000000)
  eden space 125440K, 0% used [0x00000000d5580000,0x00000000d5580000,0x00000000dd000000)
  from space 11264K, 99% used [0x00000000dd000000,0x00000000ddaf1628,0x00000000ddb00000)
  to   space 12800K, 0% used [0x00000000e1680000,0x00000000e1680000,0x00000000e2300000)
 ParOldGen       total 46592K, used 6701K [0x0000000080000000, 0x0000000082d80000, 0x00000000d5580000)
  object space 46592K, 14% used [0x0000000080000000,0x000000008068b400,0x0000000082d80000)
 Metaspace       used 34189K, capacity 35392K, committed 35416K, reserved 1079296K
  class space    used 4703K, capacity 4973K, committed 4992K, reserved 1048576K
Event: 6.851 GC heap after
Heap after GC invocations=11 (full 2):
 PSYoungGen      total 136704K, used 0K [0x00000000d5580000, 0x00000000e2300000, 0x0000000100000000)
  eden space 125440K, 0% used [0x00000000d5580000,0x00000000d5580000,0x00000000dd000000)
  from space 11264K, 0% used [0x00000000dd000000,0x00000000dd000000,0x00000000ddb00000)
  to   space 12800K, 0% used [0x00000000e1680000,0x00000000e1680000,0x00000000e2300000)
 ParOldGen       total 69120K, used 17361K [0x0000000080000000, 0x0000000084380000, 0x00000000d5580000)
  object space 69120K, 25% used [0x0000000080000000,0x00000000810f4508,0x0000000084380000)
 Metaspace       used 34189K, capacity 35392K, committed 35416K, reserved 1079296K
  class space    used 4703K, capacity 4973K, committed 4992K, reserved 1048576K
}
Event: 9.114 GC heap before
{Heap before GC invocations=12 (full 2):
 PSYoungGen      total 136704K, used 125440K [0x00000000d5580000, 0x00000000e2300000, 0x0000000100000000)
  eden space 125440K, 100% used [0x00000000d5580000,0x00000000dd000000,0x00000000dd000000)
  from space 11264K, 0% used [0x00000000dd000000,0x00000000dd000000,0x00000000ddb00000)
  to   space 12800K, 0% used [0x00000000e1680000,0x00000000e1680000,0x00000000e2300000)
 ParOldGen       total 69120K, used 17361K [0x0000000080000000, 0x0000000084380000, 0x00000000d5580000)
  object space 69120K, 25% used [0x0000000080000000,0x00000000810f4508,0x0000000084380000)
 Metaspace       used 39288K, capacity 40988K, committed 41048K, reserved 1085440K
  class space    used 5405K, capacity 5740K, committed 5760K, reserved 1048576K
Event: 9.136 GC heap after
Heap after GC invocations=12 (full 2):
 PSYoungGen      total 182784K, used 9966K [0x00000000d5580000, 0x00000000e2080000, 0x0000000100000000)
  eden space 172544K, 0% used [0x00000000d5580000,0x00000000d5580000,0x00000000dfe00000)
  from space 10240K, 97% used [0x00000000e1680000,0x00000000e203b850,0x00000000e2080000)
  to   space 13312K, 0% used [0x00000000e0680000,0x00000000e0680000,0x00000000e1380000)
 ParOldGen       total 69120K, used 17369K [0x0000000080000000, 0x0000000084380000, 0x00000000d5580000)
  object space 69120K, 25% used [0x0000000080000000,0x00000000810f6508,0x0000000084380000)
 Metaspace       used 39288K, capacity 40988K, committed 41048K, reserved 1085440K
  class space    used 5405K, capacity 5740K, committed 5760K, reserved 1048576K
}
Event: 15.791 GC heap before
{Heap before GC invocations=13 (full 2):
 PSYoungGen      total 182784K, used 182510K [0x00000000d5580000, 0x00000000e2080000, 0x0000000100000000)
  eden space 172544K, 100% used [0x00000000d5580000,0x00000000dfe00000,0x00000000dfe00000)
  from space 10240K, 97% used [0x00000000e1680000,0x00000000e203b850,0x00000000e2080000)
  to   space 13312K, 0% used [0x00000000e0680000,0x00000000e0680000,0x00000000e1380000)
 ParOldGen       total 69120K, used 17369K [0x0000000080000000, 0x0000000084380000, 0x00000000d5580000)
  object space 69120K, 25% used [0x0000000080000000,0x00000000810f6508,0x0000000084380000)
 Metaspace       used 54594K, capacity 56760K, committed 57048K, reserved 1097728K
  class space    used 7418K, capacity 7863K, committed 7936K, reserved 1048576K
Event: 15.820 GC heap after
Heap after GC invocations=13 (full 2):
 PSYoungGen      total 185856K, used 13292K [0x00000000d5580000, 0x00000000e2080000, 0x0000000100000000)
  eden space 172544K, 0% used [0x00000000d5580000,0x00000000d5580000,0x00000000dfe00000)
  from space 13312K, 99% used [0x00000000e0680000,0x00000000e137b140,0x00000000e1380000)
  to   space 10240K, 0% used [0x00000000e1680000,0x00000000e1680000,0x00000000e2080000)
 ParOldGen       total 69120K, used 30854K [0x0000000080000000, 0x0000000084380000, 0x00000000d5580000)
  object space 69120K, 44% used [0x0000000080000000,0x0000000081e21bf8,0x0000000084380000)
 Metaspace       used 54594K, capacity 56760K, committed 57048K, reserved 1097728K
  class space    used 7418K, capacity 7863K, committed 7936K, reserved 1048576K
}
Event: 16.852 GC heap before
{Heap before GC invocations=14 (full 2):
 PSYoungGen      total 185856K, used 69344K [0x00000000d5580000, 0x00000000e2080000, 0x0000000100000000)
  eden space 172544K, 32% used [0x00000000d5580000,0x00000000d8c3ced0,0x00000000dfe00000)
  from space 13312K, 99% used [0x00000000e0680000,0x00000000e137b140,0x00000000e1380000)
  to   space 10240K, 0% used [0x00000000e1680000,0x00000000e1680000,0x00000000e2080000)
 ParOldGen       total 69120K, used 30854K [0x0000000080000000, 0x0000000084380000, 0x00000000d5580000)
  object space 69120K, 44% used [0x0000000080000000,0x0000000081e21bf8,0x0000000084380000)
 Metaspace       used 56476K, capacity 58858K, committed 59028K, reserved 1099776K
  class space    used 7713K, capacity 8191K, committed 8192K, reserved 1048576K
Event: 16.875 GC heap after
Heap after GC invocations=14 (full 2):
 PSYoungGen      total 182784K, used 5184K [0x00000000d5580000, 0x00000000e2080000, 0x0000000100000000)
  eden space 172544K, 0% used [0x00000000d5580000,0x00000000d5580000,0x00000000dfe00000)
  from space 10240K, 50% used [0x00000000e1680000,0x00000000e1b90258,0x00000000e2080000)
  to   space 13312K, 0% used [0x00000000e0680000,0x00000000e0680000,0x00000000e1380000)
 ParOldGen       total 69120K, used 41731K [0x0000000080000000, 0x0000000084380000, 0x00000000d5580000)
  object space 69120K, 60% used [0x0000000080000000,0x00000000828c0e90,0x0000000084380000)
 Metaspace       used 56476K, capacity 58858K, committed 59028K, reserved 1099776K
  class space    used 7713K, capacity 8191K, committed 8192K, reserved 1048576K
}
Event: 16.875 GC heap before
{Heap before GC invocations=15 (full 3):
 PSYoungGen      total 182784K, used 5184K [0x00000000d5580000, 0x00000000e2080000, 0x0000000100000000)
  eden space 172544K, 0% used [0x00000000d5580000,0x00000000d5580000,0x00000000dfe00000)
  from space 10240K, 50% used [0x00000000e1680000,0x00000000e1b90258,0x00000000e2080000)
  to   space 13312K, 0% used [0x00000000e0680000,0x00000000e0680000,0x00000000e1380000)
 ParOldGen       total 69120K, used 41731K [0x0000000080000000, 0x0000000084380000, 0x00000000d5580000)
  object space 69120K, 60% used [0x0000000080000000,0x00000000828c0e90,0x0000000084380000)
 Metaspace       used 56476K, capacity 58858K, committed 59028K, reserved 1099776K
  class space    used 7713K, capacity 8191K, committed 8192K, reserved 1048576K
Event: 17.179 GC heap after
Heap after GC invocations=15 (full 3):
 PSYoungGen      total 182784K, used 0K [0x00000000d5580000, 0x00000000e2080000, 0x0000000100000000)
  eden space 172544K, 0% used [0x00000000d5580000,0x00000000d5580000,0x00000000dfe00000)
  from space 10240K, 0% used [0x00000000e1680000,0x00000000e1680000,0x00000000e2080000)
  to   space 13312K, 0% used [0x00000000e0680000,0x00000000e0680000,0x00000000e1380000)
 ParOldGen       total 69120K, used 33528K [0x0000000080000000, 0x0000000084380000, 0x00000000d5580000)
  object space 69120K, 48% used [0x0000000080000000,0x00000000820be318,0x0000000084380000)
 Metaspace       used 56469K, capacity 58834K, committed 59028K, reserved 1099776K
  class space    used 7711K, capacity 8187K, committed 8192K, reserved 1048576K
}

