# JRE version: OpenJDK Runtime Environment (8.0_242-b01) (build 1.8.0_242-release-1644-b01)
# Java VM: OpenJDK 64-Bit Server VM (25.242-b01 mixed mode windows-amd64 compressed oops)
Heap:
 PSYoungGen      total 426496K, used 44182K [0x00000000d5580000, 0x00000000f7380000, 0x0000000100000000)
  eden space 380928K, 4% used [0x00000000d5580000,0x00000000d66b44b8,0x00000000ec980000)
  from space 45568K, 58% used [0x00000000f1080000,0x00000000f2a71498,0x00000000f3d00000)
  to   space 72704K, 0% used [0x00000000ec980000,0x00000000ec980000,0x00000000f1080000)
 ParOldGen       total 244224K, used 125806K [0x0000000080000000, 0x000000008ee80000, 0x00000000d5580000)
  object space 244224K, 51% used [0x0000000080000000,0x0000000087adb888,0x000000008ee80000)
 Metaspace       used 81012K, capacity 85186K, committed 86232K, reserved 1124352K
  class space    used 11178K, capacity 11972K, committed 12288K, reserved 1048576K
GC Heap History (10 events):
Event: 17.361 GC heap before
{Heap before GC invocations=16 (full 3):
 PSYoungGen      total 248832K, used 228864K [0x00000000d5580000, 0x00000000e7880000, 0x0000000100000000)
  eden space 228864K, 100% used [0x00000000d5580000,0x00000000e3500000,0x00000000e3500000)
  from space 19968K, 0% used [0x00000000e4880000,0x00000000e4880000,0x00000000e5c00000)
  to   space 19968K, 0% used [0x00000000e3500000,0x00000000e3500000,0x00000000e4880000)
 ParOldGen       total 105472K, used 33409K [0x0000000080000000, 0x0000000086700000, 0x00000000d5580000)
  object space 105472K, 31% used [0x0000000080000000,0x00000000820a07d0,0x0000000086700000)
 Metaspace       used 64140K, capacity 67398K, committed 67544K, reserved 1107968K
  class space    used 8849K, capacity 9463K, committed 9472K, reserved 1048576K
Event: 17.386 GC heap after
Heap after GC invocations=16 (full 3):
 PSYoungGen      total 248832K, used 18555K [0x00000000d5580000, 0x00000000eac80000, 0x0000000100000000)
  eden space 228864K, 0% used [0x00000000d5580000,0x00000000d5580000,0x00000000e3500000)
  from space 19968K, 92% used [0x00000000e3500000,0x00000000e471ec60,0x00000000e4880000)
  to   space 22528K, 0% used [0x00000000e9680000,0x00000000e9680000,0x00000000eac80000)
 ParOldGen       total 105472K, used 33417K [0x0000000080000000, 0x0000000086700000, 0x00000000d5580000)
  object space 105472K, 31% used [0x0000000080000000,0x00000000820a27d0,0x0000000086700000)
 Metaspace       used 64140K, capacity 67398K, committed 67544K, reserved 1107968K
  class space    used 8849K, capacity 9463K, committed 9472K, reserved 1048576K
}
Event: 20.220 GC heap before
{Heap before GC invocations=17 (full 3):
 PSYoungGen      total 248832K, used 247419K [0x00000000d5580000, 0x00000000eac80000, 0x0000000100000000)
  eden space 228864K, 100% used [0x00000000d5580000,0x00000000e3500000,0x00000000e3500000)
  from space 19968K, 92% used [0x00000000e3500000,0x00000000e471ec60,0x00000000e4880000)
  to   space 22528K, 0% used [0x00000000e9680000,0x00000000e9680000,0x00000000eac80000)
 ParOldGen       total 105472K, used 33417K [0x0000000080000000, 0x0000000086700000, 0x00000000d5580000)
  object space 105472K, 31% used [0x0000000080000000,0x00000000820a27d0,0x0000000086700000)
 Metaspace       used 71352K, capacity 74942K, committed 75224K, reserved 1114112K
  class space    used 9757K, capacity 10452K, committed 10496K, reserved 1048576K
Event: 20.468 GC heap after
Heap after GC invocations=17 (full 3):
 PSYoungGen      total 320512K, used 22522K [0x00000000d5580000, 0x00000000ec080000, 0x0000000100000000)
  eden space 297984K, 0% used [0x00000000d5580000,0x00000000d5580000,0x00000000e7880000)
  from space 22528K, 99% used [0x00000000e9680000,0x00000000eac7eac0,0x00000000eac80000)
  to   space 30720K, 0% used [0x00000000e7880000,0x00000000e7880000,0x00000000e9680000)
 ParOldGen       total 105472K, used 47081K [0x0000000080000000, 0x0000000086700000, 0x00000000d5580000)
  object space 105472K, 44% used [0x0000000080000000,0x0000000082dfa7f8,0x0000000086700000)
 Metaspace       used 71352K, capacity 74942K, committed 75224K, reserved 1114112K
  class space    used 9757K, capacity 10452K, committed 10496K, reserved 1048576K
}
Event: 23.323 GC heap before
{Heap before GC invocations=18 (full 3):
 PSYoungGen      total 320512K, used 318201K [0x00000000d5580000, 0x00000000ec080000, 0x0000000100000000)
  eden space 297984K, 99% used [0x00000000d5580000,0x00000000e763fbe8,0x00000000e7880000)
  from space 22528K, 99% used [0x00000000e9680000,0x00000000eac7eac0,0x00000000eac80000)
  to   space 30720K, 0% used [0x00000000e7880000,0x00000000e7880000,0x00000000e9680000)
 ParOldGen       total 105472K, used 47081K [0x0000000080000000, 0x0000000086700000, 0x00000000d5580000)
  object space 105472K, 44% used [0x0000000080000000,0x0000000082dfa7f8,0x0000000086700000)
 Metaspace       used 79889K, capacity 84414K, committed 84696K, reserved 1122304K
  class space    used 11092K, capacity 11934K, committed 12032K, reserved 1048576K
Event: 23.581 GC heap after
Heap after GC invocations=18 (full 3):
 PSYoungGen      total 328704K, used 30698K [0x00000000d5580000, 0x00000000f3d00000, 0x0000000100000000)
  eden space 297984K, 0% used [0x00000000d5580000,0x00000000d5580000,0x00000000e7880000)
  from space 30720K, 99% used [0x00000000e7880000,0x00000000e967aa18,0x00000000e9680000)
  to   space 45568K, 0% used [0x00000000f1080000,0x00000000f1080000,0x00000000f3d00000)
 ParOldGen       total 105472K, used 73618K [0x0000000080000000, 0x0000000086700000, 0x00000000d5580000)
  object space 105472K, 69% used [0x0000000080000000,0x00000000847e49b8,0x0000000086700000)
 Metaspace       used 79889K, capacity 84414K, committed 84696K, reserved 1122304K
  class space    used 11092K, capacity 11934K, committed 12032K, reserved 1048576K
}
Event: 28.004 GC heap before
{Heap before GC invocations=19 (full 3):
 PSYoungGen      total 328704K, used 328682K [0x00000000d5580000, 0x00000000f3d00000, 0x0000000100000000)
  eden space 297984K, 100% used [0x00000000d5580000,0x00000000e7880000,0x00000000e7880000)
  from space 30720K, 99% used [0x00000000e7880000,0x00000000e967aa18,0x00000000e9680000)
  to   space 45568K, 0% used [0x00000000f1080000,0x00000000f1080000,0x00000000f3d00000)
 ParOldGen       total 105472K, used 73618K [0x0000000080000000, 0x0000000086700000, 0x00000000d5580000)
  object space 105472K, 69% used [0x0000000080000000,0x00000000847e49b8,0x0000000086700000)
 Metaspace       used 81314K, capacity 86034K, committed 86232K, reserved 1124352K
  class space    used 11287K, capacity 12166K, committed 12288K, reserved 1048576K
Event: 28.355 GC heap after
Heap after GC invocations=19 (full 3):
 PSYoungGen      total 426496K, used 45551K [0x00000000d5580000, 0x00000000f7380000, 0x0000000100000000)
  eden space 380928K, 0% used [0x00000000d5580000,0x00000000d5580000,0x00000000ec980000)
  from space 45568K, 99% used [0x00000000f1080000,0x00000000f3cfbda0,0x00000000f3d00000)
  to   space 72704K, 0% used [0x00000000ec980000,0x00000000ec980000,0x00000000f1080000)
 ParOldGen       total 125952K, used 125362K [0x0000000080000000, 0x0000000087b00000, 0x00000000d5580000)
  object space 125952K, 99% used [0x0000000080000000,0x0000000087a6c9b0,0x0000000087b00000)
 Metaspace       used 81314K, capacity 86034K, committed 86232K, reserved 1124352K
  class space    used 11287K, capacity 12166K, committed 12288K, reserved 1048576K
}
Event: 28.358 GC heap before
{Heap before GC invocations=20 (full 4):
 PSYoungGen      total 426496K, used 45551K [0x00000000d5580000, 0x00000000f7380000, 0x0000000100000000)
  eden space 380928K, 0% used [0x00000000d5580000,0x00000000d5580000,0x00000000ec980000)
  from space 45568K, 99% used [0x00000000f1080000,0x00000000f3cfbda0,0x00000000f3d00000)
  to   space 72704K, 0% used [0x00000000ec980000,0x00000000ec980000,0x00000000f1080000)
 ParOldGen       total 125952K, used 125362K [0x0000000080000000, 0x0000000087b00000, 0x00000000d5580000)
  object space 125952K, 99% used [0x0000000080000000,0x0000000087a6c9b0,0x0000000087b00000)
 Metaspace       used 81314K, capacity 86034K, committed 86232K, reserved 1124352K
  class space    used 11287K, capacity 12166K, committed 12288K, reserved 1048576K
Event: 32.193 GC heap after
Heap after GC invocations=20 (full 4):
 PSYoungGen      total 426496K, used 26565K [0x00000000d5580000, 0x00000000f7380000, 0x0000000100000000)
  eden space 380928K, 0% used [0x00000000d5580000,0x00000000d5580000,0x00000000ec980000)
  from space 45568K, 58% used [0x00000000f1080000,0x00000000f2a71498,0x00000000f3d00000)
  to   space 72704K, 0% used [0x00000000ec980000,0x00000000ec980000,0x00000000f1080000)
 ParOldGen       total 244224K, used 125806K [0x0000000080000000, 0x000000008ee80000, 0x00000000d5580000)
  object space 244224K, 51% used [0x0000000080000000,0x0000000087adb888,0x000000008ee80000)
 Metaspace       used 80985K, capacity 85122K, committed 86232K, reserved 1124352K
  class space    used 11178K, capacity 11972K, committed 12288K, reserved 1048576K
}

