# JRE version: OpenJDK Runtime Environment (8.0_242-b01) (build 1.8.0_242-release-1644-b01)
# Java VM: OpenJDK 64-Bit Server VM (25.242-b01 mixed mode windows-amd64 compressed oops)
Heap:
 PSYoungGen      total 177664K, used 164638K [0x00000000d5580000, 0x00000000e1b00000, 0x0000000100000000)
  eden space 167424K, 92% used [0x00000000d5580000,0x00000000dec811d8,0x00000000df900000)
  from space 10240K, 97% used [0x00000000e1100000,0x00000000e1ac6708,0x00000000e1b00000)
  to   space 13312K, 0% used [0x00000000e0100000,0x00000000e0100000,0x00000000e0e00000)
 ParOldGen       total 72704K, used 17355K [0x0000000080000000, 0x0000000084700000, 0x00000000d5580000)
  object space 72704K, 23% used [0x0000000080000000,0x00000000810f2c08,0x0000000084700000)
 Metaspace       used 52506K, capacity 54594K, committed 54872K, reserved 1097728K
  class space    used 7027K, capacity 7465K, committed 7552K, reserved 1048576K
GC Heap History (10 events):
Event: 6.153 GC heap before
{Heap before GC invocations=8 (full 1):
 PSYoungGen      total 75264K, used 3796K [0x00000000d5580000, 0x00000000de880000, 0x0000000100000000)
  eden space 64512K, 0% used [0x00000000d5580000,0x00000000d5580000,0x00000000d9480000)
  from space 10752K, 35% used [0x00000000d9480000,0x00000000d9835040,0x00000000d9f00000)
  to   space 10752K, 0% used [0x00000000dde00000,0x00000000dde00000,0x00000000de880000)
 ParOldGen       total 86016K, used 8662K [0x0000000080000000, 0x0000000085400000, 0x00000000d5580000)
  object space 86016K, 10% used [0x0000000080000000,0x0000000080875858,0x0000000085400000)
 Metaspace       used 20471K, capacity 21204K, committed 21248K, reserved 1067008K
  class space    used 2856K, capacity 3048K, committed 3072K, reserved 1048576K
Event: 6.200 GC heap after
Heap after GC invocations=8 (full 1):
 PSYoungGen      total 75264K, used 0K [0x00000000d5580000, 0x00000000de880000, 0x0000000100000000)
  eden space 64512K, 0% used [0x00000000d5580000,0x00000000d5580000,0x00000000d9480000)
  from space 10752K, 0% used [0x00000000d9480000,0x00000000d9480000,0x00000000d9f00000)
  to   space 10752K, 0% used [0x00000000dde00000,0x00000000dde00000,0x00000000de880000)
 ParOldGen       total 48640K, used 7573K [0x0000000080000000, 0x0000000082f80000, 0x00000000d5580000)
  object space 48640K, 15% used [0x0000000080000000,0x00000000807654e0,0x0000000082f80000)
 Metaspace       used 20471K, capacity 21204K, committed 21248K, reserved 1067008K
  class space    used 2856K, capacity 3048K, committed 3072K, reserved 1048576K
}
Event: 7.910 GC heap before
{Heap before GC invocations=9 (full 1):
 PSYoungGen      total 75264K, used 64512K [0x00000000d5580000, 0x00000000de880000, 0x0000000100000000)
  eden space 64512K, 100% used [0x00000000d5580000,0x00000000d9480000,0x00000000d9480000)
  from space 10752K, 0% used [0x00000000d9480000,0x00000000d9480000,0x00000000d9f00000)
  to   space 10752K, 0% used [0x00000000dde00000,0x00000000dde00000,0x00000000de880000)
 ParOldGen       total 48640K, used 7573K [0x0000000080000000, 0x0000000082f80000, 0x00000000d5580000)
  object space 48640K, 15% used [0x0000000080000000,0x00000000807654e0,0x0000000082f80000)
 Metaspace       used 28442K, capacity 29290K, committed 29568K, reserved 1075200K
  class space    used 3929K, capacity 4159K, committed 4224K, reserved 1048576K
Event: 7.927 GC heap after
Heap after GC invocations=9 (full 1):
 PSYoungGen      total 128000K, used 8159K [0x00000000d5580000, 0x00000000de600000, 0x0000000100000000)
  eden space 119808K, 0% used [0x00000000d5580000,0x00000000d5580000,0x00000000dca80000)
  from space 8192K, 99% used [0x00000000dde00000,0x00000000de5f7fe0,0x00000000de600000)
  to   space 11264K, 0% used [0x00000000dd000000,0x00000000dd000000,0x00000000ddb00000)
 ParOldGen       total 48640K, used 7581K [0x0000000080000000, 0x0000000082f80000, 0x00000000d5580000)
  object space 48640K, 15% used [0x0000000080000000,0x00000000807674e0,0x0000000082f80000)
 Metaspace       used 28442K, capacity 29290K, committed 29568K, reserved 1075200K
  class space    used 3929K, capacity 4159K, committed 4224K, reserved 1048576K
}
Event: 9.343 GC heap before
{Heap before GC invocations=10 (full 1):
 PSYoungGen      total 128000K, used 102969K [0x00000000d5580000, 0x00000000de600000, 0x0000000100000000)
  eden space 119808K, 79% used [0x00000000d5580000,0x00000000db216620,0x00000000dca80000)
  from space 8192K, 99% used [0x00000000dde00000,0x00000000de5f7fe0,0x00000000de600000)
  to   space 11264K, 0% used [0x00000000dd000000,0x00000000dd000000,0x00000000ddb00000)
 ParOldGen       total 48640K, used 7581K [0x0000000080000000, 0x0000000082f80000, 0x00000000d5580000)
  object space 48640K, 15% used [0x0000000080000000,0x00000000807674e0,0x0000000082f80000)
 Metaspace       used 34193K, capacity 35392K, committed 35416K, reserved 1079296K
  class space    used 4704K, capacity 4973K, committed 4992K, reserved 1048576K
Event: 9.358 GC heap after
Heap after GC invocations=10 (full 1):
 PSYoungGen      total 136704K, used 11193K [0x00000000d5580000, 0x00000000e1d80000, 0x0000000100000000)
  eden space 125440K, 0% used [0x00000000d5580000,0x00000000d5580000,0x00000000dd000000)
  from space 11264K, 99% used [0x00000000dd000000,0x00000000ddaee600,0x00000000ddb00000)
  to   space 12800K, 0% used [0x00000000e1100000,0x00000000e1100000,0x00000000e1d80000)
 ParOldGen       total 48640K, used 7589K [0x0000000080000000, 0x0000000082f80000, 0x00000000d5580000)
  object space 48640K, 15% used [0x0000000080000000,0x00000000807694e0,0x0000000082f80000)
 Metaspace       used 34193K, capacity 35392K, committed 35416K, reserved 1079296K
  class space    used 4704K, capacity 4973K, committed 4992K, reserved 1048576K
}
Event: 9.358 GC heap before
{Heap before GC invocations=11 (full 2):
 PSYoungGen      total 136704K, used 11193K [0x00000000d5580000, 0x00000000e1d80000, 0x0000000100000000)
  eden space 125440K, 0% used [0x00000000d5580000,0x00000000d5580000,0x00000000dd000000)
  from space 11264K, 99% used [0x00000000dd000000,0x00000000ddaee600,0x00000000ddb00000)
  to   space 12800K, 0% used [0x00000000e1100000,0x00000000e1100000,0x00000000e1d80000)
 ParOldGen       total 48640K, used 7589K [0x0000000080000000, 0x0000000082f80000, 0x00000000d5580000)
  object space 48640K, 15% used [0x0000000080000000,0x00000000807694e0,0x0000000082f80000)
 Metaspace       used 34193K, capacity 35392K, committed 35416K, reserved 1079296K
  class space    used 4704K, capacity 4973K, committed 4992K, reserved 1048576K
Event: 9.476 GC heap after
Heap after GC invocations=11 (full 2):
 PSYoungGen      total 136704K, used 0K [0x00000000d5580000, 0x00000000e1d80000, 0x0000000100000000)
  eden space 125440K, 0% used [0x00000000d5580000,0x00000000d5580000,0x00000000dd000000)
  from space 11264K, 0% used [0x00000000dd000000,0x00000000dd000000,0x00000000ddb00000)
  to   space 12800K, 0% used [0x00000000e1100000,0x00000000e1100000,0x00000000e1d80000)
 ParOldGen       total 72704K, used 17347K [0x0000000080000000, 0x0000000084700000, 0x00000000d5580000)
  object space 72704K, 23% used [0x0000000080000000,0x00000000810f0c08,0x0000000084700000)
 Metaspace       used 34193K, capacity 35392K, committed 35416K, reserved 1079296K
  class space    used 4704K, capacity 4973K, committed 4992K, reserved 1048576K
}
Event: 11.792 GC heap before
{Heap before GC invocations=12 (full 2):
 PSYoungGen      total 136704K, used 125440K [0x00000000d5580000, 0x00000000e1d80000, 0x0000000100000000)
  eden space 125440K, 100% used [0x00000000d5580000,0x00000000dd000000,0x00000000dd000000)
  from space 11264K, 0% used [0x00000000dd000000,0x00000000dd000000,0x00000000ddb00000)
  to   space 12800K, 0% used [0x00000000e1100000,0x00000000e1100000,0x00000000e1d80000)
 ParOldGen       total 72704K, used 17347K [0x0000000080000000, 0x0000000084700000, 0x00000000d5580000)
  object space 72704K, 23% used [0x0000000080000000,0x00000000810f0c08,0x0000000084700000)
 Metaspace       used 39260K, capacity 40994K, committed 41048K, reserved 1085440K
  class space    used 5413K, capacity 5753K, committed 5760K, reserved 1048576K
Event: 11.804 GC heap after
Heap after GC invocations=12 (full 2):
 PSYoungGen      total 177664K, used 10009K [0x00000000d5580000, 0x00000000e1b00000, 0x0000000100000000)
  eden space 167424K, 0% used [0x00000000d5580000,0x00000000d5580000,0x00000000df900000)
  from space 10240K, 97% used [0x00000000e1100000,0x00000000e1ac6708,0x00000000e1b00000)
  to   space 13312K, 0% used [0x00000000e0100000,0x00000000e0100000,0x00000000e0e00000)
 ParOldGen       total 72704K, used 17355K [0x0000000080000000, 0x0000000084700000, 0x00000000d5580000)
  object space 72704K, 23% used [0x0000000080000000,0x00000000810f2c08,0x0000000084700000)
 Metaspace       used 39260K, capacity 40994K, committed 41048K, reserved 1085440K
  class space    used 5413K, capacity 5753K, committed 5760K, reserved 1048576K
}

