# JRE version: OpenJDK Runtime Environment (8.0_242-b01) (build 1.8.0_242-release-1644-b01)
# Java VM: OpenJDK 64-Bit Server VM (25.242-b01 mixed mode windows-amd64 compressed oops)
Heap:
 PSYoungGen      total 310784K, used 124212K [0x00000000d5580000, 0x00000000eba80000, 0x0000000100000000)
  eden space 287744K, 35% used [0x00000000d5580000,0x00000000db852468,0x00000000e6e80000)
  from space 23040K, 99% used [0x00000000e9000000,0x00000000ea67ad50,0x00000000ea680000)
  to   space 34304K, 0% used [0x00000000e6e80000,0x00000000e6e80000,0x00000000e9000000)
 ParOldGen       total 108032K, used 53357K [0x0000000080000000, 0x0000000086980000, 0x00000000d5580000)
  object space 108032K, 49% used [0x0000000080000000,0x000000008341b6c8,0x0000000086980000)
 Metaspace       used 75875K, capacity 81598K, committed 81752K, reserved 1120256K
  class space    used 10733K, capacity 11841K, committed 11904K, reserved 1048576K
GC Heap History (10 events):
Event: 21.776 GC heap before
{Heap before GC invocations=13 (full 2):
 PSYoungGen      total 183296K, used 183176K [0x00000000d5580000, 0x00000000e1a00000, 0x0000000100000000)
  eden space 172544K, 100% used [0x00000000d5580000,0x00000000dfe00000,0x00000000dfe00000)
  from space 10752K, 98% used [0x00000000e0f80000,0x00000000e19e21d8,0x00000000e1a00000)
  to   space 13824K, 0% used [0x00000000dff00000,0x00000000dff00000,0x00000000e0c80000)
 ParOldGen       total 71168K, used 17362K [0x0000000080000000, 0x0000000084580000, 0x00000000d5580000)
  object space 71168K, 24% used [0x0000000080000000,0x00000000810f4988,0x0000000084580000)
 Metaspace       used 55421K, capacity 57806K, committed 57944K, reserved 1099776K
  class space    used 7551K, capacity 8058K, committed 8064K, reserved 1048576K
Event: 21.810 GC heap after
Heap after GC invocations=13 (full 2):
 PSYoungGen      total 187392K, used 13823K [0x00000000d5580000, 0x00000000e6000000, 0x0000000100000000)
  eden space 173568K, 0% used [0x00000000d5580000,0x00000000d5580000,0x00000000dff00000)
  from space 13824K, 99% used [0x00000000dff00000,0x00000000e0c7fc30,0x00000000e0c80000)
  to   space 20480K, 0% used [0x00000000e4c00000,0x00000000e4c00000,0x00000000e6000000)
 ParOldGen       total 71168K, used 31106K [0x0000000080000000, 0x0000000084580000, 0x00000000d5580000)
  object space 71168K, 43% used [0x0000000080000000,0x0000000081e60860,0x0000000084580000)
 Metaspace       used 55421K, capacity 57806K, committed 57944K, reserved 1099776K
  class space    used 7551K, capacity 8058K, committed 8064K, reserved 1048576K
}
Event: 22.337 GC heap before
{Heap before GC invocations=14 (full 2):
 PSYoungGen      total 187392K, used 62462K [0x00000000d5580000, 0x00000000e6000000, 0x0000000100000000)
  eden space 173568K, 28% used [0x00000000d5580000,0x00000000d84ffbf0,0x00000000dff00000)
  from space 13824K, 99% used [0x00000000dff00000,0x00000000e0c7fc30,0x00000000e0c80000)
  to   space 20480K, 0% used [0x00000000e4c00000,0x00000000e4c00000,0x00000000e6000000)
 ParOldGen       total 71168K, used 31106K [0x0000000080000000, 0x0000000084580000, 0x00000000d5580000)
  object space 71168K, 43% used [0x0000000080000000,0x0000000081e60860,0x0000000084580000)
 Metaspace       used 56442K, capacity 58826K, committed 58968K, reserved 1099776K
  class space    used 7719K, capacity 8207K, committed 8320K, reserved 1048576K
Event: 22.365 GC heap after
Heap after GC invocations=14 (full 2):
 PSYoungGen      total 252416K, used 4096K [0x00000000d5580000, 0x00000000e6700000, 0x0000000100000000)
  eden space 231936K, 0% used [0x00000000d5580000,0x00000000d5580000,0x00000000e3800000)
  from space 20480K, 20% used [0x00000000e4c00000,0x00000000e5000000,0x00000000e6000000)
  to   space 20480K, 0% used [0x00000000e3800000,0x00000000e3800000,0x00000000e4c00000)
 ParOldGen       total 71168K, used 42403K [0x0000000080000000, 0x0000000084580000, 0x00000000d5580000)
  object space 71168K, 59% used [0x0000000080000000,0x0000000082968ec0,0x0000000084580000)
 Metaspace       used 56442K, capacity 58826K, committed 58968K, reserved 1099776K
  class space    used 7719K, capacity 8207K, committed 8320K, reserved 1048576K
}
Event: 22.365 GC heap before
{Heap before GC invocations=15 (full 3):
 PSYoungGen      total 252416K, used 4096K [0x00000000d5580000, 0x00000000e6700000, 0x0000000100000000)
  eden space 231936K, 0% used [0x00000000d5580000,0x00000000d5580000,0x00000000e3800000)
  from space 20480K, 20% used [0x00000000e4c00000,0x00000000e5000000,0x00000000e6000000)
  to   space 20480K, 0% used [0x00000000e3800000,0x00000000e3800000,0x00000000e4c00000)
 ParOldGen       total 71168K, used 42403K [0x0000000080000000, 0x0000000084580000, 0x00000000d5580000)
  object space 71168K, 59% used [0x0000000080000000,0x0000000082968ec0,0x0000000084580000)
 Metaspace       used 56442K, capacity 58826K, committed 58968K, reserved 1099776K
  class space    used 7719K, capacity 8207K, committed 8320K, reserved 1048576K
Event: 22.780 GC heap after
Heap after GC invocations=15 (full 3):
 PSYoungGen      total 252416K, used 0K [0x00000000d5580000, 0x00000000e6700000, 0x0000000100000000)
  eden space 231936K, 0% used [0x00000000d5580000,0x00000000d5580000,0x00000000e3800000)
  from space 20480K, 0% used [0x00000000e4c00000,0x00000000e4c00000,0x00000000e6000000)
  to   space 20480K, 0% used [0x00000000e3800000,0x00000000e3800000,0x00000000e4c00000)
 ParOldGen       total 108032K, used 32948K [0x0000000080000000, 0x0000000086980000, 0x00000000d5580000)
  object space 108032K, 30% used [0x0000000080000000,0x000000008202d0d8,0x0000000086980000)
 Metaspace       used 56406K, capacity 58706K, committed 58968K, reserved 1099776K
  class space    used 7708K, capacity 8187K, committed 8320K, reserved 1048576K
}
Event: 27.026 GC heap before
{Heap before GC invocations=16 (full 3):
 PSYoungGen      total 252416K, used 231936K [0x00000000d5580000, 0x00000000e6700000, 0x0000000100000000)
  eden space 231936K, 100% used [0x00000000d5580000,0x00000000e3800000,0x00000000e3800000)
  from space 20480K, 0% used [0x00000000e4c00000,0x00000000e4c00000,0x00000000e6000000)
  to   space 20480K, 0% used [0x00000000e3800000,0x00000000e3800000,0x00000000e4c00000)
 ParOldGen       total 108032K, used 32948K [0x0000000080000000, 0x0000000086980000, 0x00000000d5580000)
  object space 108032K, 30% used [0x0000000080000000,0x000000008202d0d8,0x0000000086980000)
 Metaspace       used 64344K, capacity 67638K, committed 67928K, reserved 1107968K
  class space    used 8871K, capacity 9479K, committed 9600K, reserved 1048576K
Event: 27.052 GC heap after
Heap after GC invocations=16 (full 3):
 PSYoungGen      total 252416K, used 19213K [0x00000000d5580000, 0x00000000ea680000, 0x0000000100000000)
  eden space 231936K, 0% used [0x00000000d5580000,0x00000000d5580000,0x00000000e3800000)
  from space 20480K, 93% used [0x00000000e3800000,0x00000000e4ac3428,0x00000000e4c00000)
  to   space 23040K, 0% used [0x00000000e9000000,0x00000000e9000000,0x00000000ea680000)
 ParOldGen       total 108032K, used 32956K [0x0000000080000000, 0x0000000086980000, 0x00000000d5580000)
  object space 108032K, 30% used [0x0000000080000000,0x000000008202f0d8,0x0000000086980000)
 Metaspace       used 64344K, capacity 67638K, committed 67928K, reserved 1107968K
  class space    used 8871K, capacity 9479K, committed 9600K, reserved 1048576K
}
Event: 30.271 GC heap before
{Heap before GC invocations=17 (full 3):
 PSYoungGen      total 252416K, used 251149K [0x00000000d5580000, 0x00000000ea680000, 0x0000000100000000)
  eden space 231936K, 100% used [0x00000000d5580000,0x00000000e3800000,0x00000000e3800000)
  from space 20480K, 93% used [0x00000000e3800000,0x00000000e4ac3428,0x00000000e4c00000)
  to   space 23040K, 0% used [0x00000000e9000000,0x00000000e9000000,0x00000000ea680000)
 ParOldGen       total 108032K, used 32956K [0x0000000080000000, 0x0000000086980000, 0x00000000d5580000)
  object space 108032K, 30% used [0x0000000080000000,0x000000008202f0d8,0x0000000086980000)
 Metaspace       used 74541K, capacity 79912K, committed 79960K, reserved 1118208K
  class space    used 10579K, capacity 11632K, committed 11648K, reserved 1048576K
Event: 30.332 GC heap after
Heap after GC invocations=17 (full 3):
 PSYoungGen      total 310784K, used 23019K [0x00000000d5580000, 0x00000000eba80000, 0x0000000100000000)
  eden space 287744K, 0% used [0x00000000d5580000,0x00000000d5580000,0x00000000e6e80000)
  from space 23040K, 99% used [0x00000000e9000000,0x00000000ea67ad50,0x00000000ea680000)
  to   space 34304K, 0% used [0x00000000e6e80000,0x00000000e6e80000,0x00000000e9000000)
 ParOldGen       total 108032K, used 53357K [0x0000000080000000, 0x0000000086980000, 0x00000000d5580000)
  object space 108032K, 49% used [0x0000000080000000,0x000000008341b6c8,0x0000000086980000)
 Metaspace       used 74541K, capacity 79912K, committed 79960K, reserved 1118208K
  class space    used 10579K, capacity 11632K, committed 11648K, reserved 1048576K
}

