# JRE version: OpenJDK Runtime Environment (8.0_242-b01) (build 1.8.0_242-release-1644-b01)
# Java VM: OpenJDK 64-Bit Server VM (25.242-b01 mixed mode windows-amd64 compressed oops)
Heap:
 PSYoungGen      total 173568K, used 171906K [0x00000000d5580000, 0x00000000e1200000, 0x0000000100000000)
  eden space 163328K, 99% used [0x00000000d5580000,0x00000000df3942b0,0x00000000df500000)
  from space 10240K, 97% used [0x00000000e0800000,0x00000000e11cc5f8,0x00000000e1200000)
  to   space 13312K, 0% used [0x00000000df800000,0x00000000df800000,0x00000000e0500000)
 ParOldGen       total 49152K, used 17229K [0x0000000080000000, 0x0000000083000000, 0x00000000d5580000)
  object space 49152K, 35% used [0x0000000080000000,0x00000000810d35d8,0x0000000083000000)
 Metaspace       used 53283K, capacity 55512K, committed 55848K, reserved 1097728K
  class space    used 7180K, capacity 7634K, committed 7720K, reserved 1048576K
GC Heap History (10 events):
Event: 4.702 GC heap before
{Heap before GC invocations=8 (full 1):
 PSYoungGen      total 75264K, used 3812K [0x00000000d5580000, 0x00000000de880000, 0x0000000100000000)
  eden space 64512K, 0% used [0x00000000d5580000,0x00000000d5580000,0x00000000d9480000)
  from space 10752K, 35% used [0x00000000d9480000,0x00000000d9839050,0x00000000d9f00000)
  to   space 10752K, 0% used [0x00000000dde00000,0x00000000dde00000,0x00000000de880000)
 ParOldGen       total 86016K, used 8656K [0x0000000080000000, 0x0000000085400000, 0x00000000d5580000)
  object space 86016K, 10% used [0x0000000080000000,0x00000000808740c8,0x0000000085400000)
 Metaspace       used 20569K, capacity 21236K, committed 21296K, reserved 1067008K
  class space    used 2872K, capacity 3080K, committed 3120K, reserved 1048576K
Event: 4.756 GC heap after
Heap after GC invocations=8 (full 1):
 PSYoungGen      total 75264K, used 0K [0x00000000d5580000, 0x00000000de880000, 0x0000000100000000)
  eden space 64512K, 0% used [0x00000000d5580000,0x00000000d5580000,0x00000000d9480000)
  from space 10752K, 0% used [0x00000000d9480000,0x00000000d9480000,0x00000000d9f00000)
  to   space 10752K, 0% used [0x00000000dde00000,0x00000000dde00000,0x00000000de880000)
 ParOldGen       total 49152K, used 6813K [0x0000000080000000, 0x0000000083000000, 0x00000000d5580000)
  object space 49152K, 13% used [0x0000000080000000,0x00000000806a7628,0x0000000083000000)
 Metaspace       used 20569K, capacity 21236K, committed 21296K, reserved 1067008K
  class space    used 2872K, capacity 3080K, committed 3120K, reserved 1048576K
}
Event: 5.778 GC heap before
{Heap before GC invocations=9 (full 1):
 PSYoungGen      total 75264K, used 64512K [0x00000000d5580000, 0x00000000de880000, 0x0000000100000000)
  eden space 64512K, 100% used [0x00000000d5580000,0x00000000d9480000,0x00000000d9480000)
  from space 10752K, 0% used [0x00000000d9480000,0x00000000d9480000,0x00000000d9f00000)
  to   space 10752K, 0% used [0x00000000dde00000,0x00000000dde00000,0x00000000de880000)
 ParOldGen       total 49152K, used 6813K [0x0000000080000000, 0x0000000083000000, 0x00000000d5580000)
  object space 49152K, 13% used [0x0000000080000000,0x00000000806a7628,0x0000000083000000)
 Metaspace       used 28654K, capacity 29552K, committed 29872K, reserved 1075200K
  class space    used 3966K, capacity 4224K, committed 4272K, reserved 1048576K
Event: 5.792 GC heap after
Heap after GC invocations=9 (full 1):
 PSYoungGen      total 124928K, used 8306K [0x00000000d5580000, 0x00000000de680000, 0x0000000100000000)
  eden space 116224K, 0% used [0x00000000d5580000,0x00000000d5580000,0x00000000dc700000)
  from space 8704K, 95% used [0x00000000dde00000,0x00000000de61c830,0x00000000de680000)
  to   space 11264K, 0% used [0x00000000dd080000,0x00000000dd080000,0x00000000ddb80000)
 ParOldGen       total 49152K, used 6821K [0x0000000080000000, 0x0000000083000000, 0x00000000d5580000)
  object space 49152K, 13% used [0x0000000080000000,0x00000000806a9628,0x0000000083000000)
 Metaspace       used 28654K, capacity 29552K, committed 29872K, reserved 1075200K
  class space    used 3966K, capacity 4224K, committed 4272K, reserved 1048576K
}
Event: 7.117 GC heap before
{Heap before GC invocations=10 (full 1):
 PSYoungGen      total 124928K, used 101828K [0x00000000d5580000, 0x00000000de680000, 0x0000000100000000)
  eden space 116224K, 80% used [0x00000000d5580000,0x00000000db0d4ba8,0x00000000dc700000)
  from space 8704K, 95% used [0x00000000dde00000,0x00000000de61c830,0x00000000de680000)
  to   space 11264K, 0% used [0x00000000dd080000,0x00000000dd080000,0x00000000ddb80000)
 ParOldGen       total 49152K, used 6821K [0x0000000080000000, 0x0000000083000000, 0x00000000d5580000)
  object space 49152K, 13% used [0x0000000080000000,0x00000000806a9628,0x0000000083000000)
 Metaspace       used 34227K, capacity 35424K, committed 35496K, reserved 1079296K
  class space    used 4702K, capacity 5005K, committed 5032K, reserved 1048576K
Event: 7.136 GC heap after
Heap after GC invocations=10 (full 1):
 PSYoungGen      total 137216K, used 11048K [0x00000000d5580000, 0x00000000e1480000, 0x0000000100000000)
  eden space 125952K, 0% used [0x00000000d5580000,0x00000000d5580000,0x00000000dd080000)
  from space 11264K, 98% used [0x00000000dd080000,0x00000000ddb4a2d8,0x00000000ddb80000)
  to   space 12800K, 0% used [0x00000000e0800000,0x00000000e0800000,0x00000000e1480000)
 ParOldGen       total 49152K, used 6829K [0x0000000080000000, 0x0000000083000000, 0x00000000d5580000)
  object space 49152K, 13% used [0x0000000080000000,0x00000000806ab628,0x0000000083000000)
 Metaspace       used 34227K, capacity 35424K, committed 35496K, reserved 1079296K
  class space    used 4702K, capacity 5005K, committed 5032K, reserved 1048576K
}
Event: 7.137 GC heap before
{Heap before GC invocations=11 (full 2):
 PSYoungGen      total 137216K, used 11048K [0x00000000d5580000, 0x00000000e1480000, 0x0000000100000000)
  eden space 125952K, 0% used [0x00000000d5580000,0x00000000d5580000,0x00000000dd080000)
  from space 11264K, 98% used [0x00000000dd080000,0x00000000ddb4a2d8,0x00000000ddb80000)
  to   space 12800K, 0% used [0x00000000e0800000,0x00000000e0800000,0x00000000e1480000)
 ParOldGen       total 49152K, used 6829K [0x0000000080000000, 0x0000000083000000, 0x00000000d5580000)
  object space 49152K, 13% used [0x0000000080000000,0x00000000806ab628,0x0000000083000000)
 Metaspace       used 34227K, capacity 35424K, committed 35496K, reserved 1079296K
  class space    used 4702K, capacity 5005K, committed 5032K, reserved 1048576K
Event: 7.263 GC heap after
Heap after GC invocations=11 (full 2):
 PSYoungGen      total 137216K, used 0K [0x00000000d5580000, 0x00000000e1480000, 0x0000000100000000)
  eden space 125952K, 0% used [0x00000000d5580000,0x00000000d5580000,0x00000000dd080000)
  from space 11264K, 0% used [0x00000000dd080000,0x00000000dd080000,0x00000000ddb80000)
  to   space 12800K, 0% used [0x00000000e0800000,0x00000000e0800000,0x00000000e1480000)
 ParOldGen       total 49152K, used 17221K [0x0000000080000000, 0x0000000083000000, 0x00000000d5580000)
  object space 49152K, 35% used [0x0000000080000000,0x00000000810d15d8,0x0000000083000000)
 Metaspace       used 34227K, capacity 35424K, committed 35496K, reserved 1079296K
  class space    used 4702K, capacity 5005K, committed 5032K, reserved 1048576K
}
Event: 8.724 GC heap before
{Heap before GC invocations=12 (full 2):
 PSYoungGen      total 137216K, used 125952K [0x00000000d5580000, 0x00000000e1480000, 0x0000000100000000)
  eden space 125952K, 100% used [0x00000000d5580000,0x00000000dd080000,0x00000000dd080000)
  from space 11264K, 0% used [0x00000000dd080000,0x00000000dd080000,0x00000000ddb80000)
  to   space 12800K, 0% used [0x00000000e0800000,0x00000000e0800000,0x00000000e1480000)
 ParOldGen       total 49152K, used 17221K [0x0000000080000000, 0x0000000083000000, 0x00000000d5580000)
  object space 49152K, 35% used [0x0000000080000000,0x00000000810d15d8,0x0000000083000000)
 Metaspace       used 39330K, capacity 41158K, committed 41384K, reserved 1085440K
  class space    used 5421K, capacity 5763K, committed 5800K, reserved 1048576K
Event: 8.743 GC heap after
Heap after GC invocations=12 (full 2):
 PSYoungGen      total 173568K, used 10033K [0x00000000d5580000, 0x00000000e1200000, 0x0000000100000000)
  eden space 163328K, 0% used [0x00000000d5580000,0x00000000d5580000,0x00000000df500000)
  from space 10240K, 97% used [0x00000000e0800000,0x00000000e11cc5f8,0x00000000e1200000)
  to   space 13312K, 0% used [0x00000000df800000,0x00000000df800000,0x00000000e0500000)
 ParOldGen       total 49152K, used 17229K [0x0000000080000000, 0x0000000083000000, 0x00000000d5580000)
  object space 49152K, 35% used [0x0000000080000000,0x00000000810d35d8,0x0000000083000000)
 Metaspace       used 39330K, capacity 41158K, committed 41384K, reserved 1085440K
  class space    used 5421K, capacity 5763K, committed 5800K, reserved 1048576K
}

